#
# There is insufficient memory for the Java Runtime Environment to continue.
# Native memory allocation (malloc) failed to allocate 165856 bytes for Chunk::new
# Possible reasons:
#   The system is out of physical RAM or swap space
#   In 32 bit mode, the process size limit was hit
# Possible solutions:
#   Reduce memory load on the system
#   Increase physical memory or swap space
#   Check if swap backing store is full
#   Use 64 bit Java on a 64 bit OS
#   Decrease Java heap size (-Xmx/-Xms)
#   Decrease number of Java threads
#   Decrease Java thread stack sizes (-Xss)
#   Set larger code cache with -XX:ReservedCodeCacheSize=
# This output file may be truncated or incomplete.
#
#  Out of Memory Error (allocation.cpp:323), pid=4844, tid=1296
#
# JRE version: Java(TM) SE Runtime Environment (7.0_60-b19) (build 1.7.0_60-b19)
# Java VM: Java HotSpot(TM) 64-Bit Server VM (24.60-b09 mixed mode windows-amd64 compressed oops)
# Failed to write core dump. Minidumps are not enabled by default on client versions of Windows
#

---------------  T H R E A D  ---------------

Current thread (0x000000000824a800):  JavaThread "C2 CompilerThread1" daemon [_thread_in_native, id=1296, stack(0x00000000092b0000,0x00000000093b0000)]

Stack: [0x00000000092b0000,0x00000000093b0000]

Current CompileTask:
C2:   4188  433   !         com.android.dx.cf.code.Ropper::processBlock (1101 bytes)


---------------  P R O C E S S  ---------------

Java Threads: ( => current thread )
  0x000000000824c800 JavaThread "Service Thread" daemon [_thread_blocked, id=3252, stack(0x00000000093b0000,0x00000000094b0000)]
=>0x000000000824a800 JavaThread "C2 CompilerThread1" daemon [_thread_in_native, id=1296, stack(0x00000000092b0000,0x00000000093b0000)]
  0x000000000823e800 JavaThread "C2 CompilerThread0" daemon [_thread_in_native, id=2512, stack(0x00000000091b0000,0x00000000092b0000)]
  0x000000000823d000 JavaThread "Attach Listener" daemon [_thread_blocked, id=5624, stack(0x00000000090b0000,0x00000000091b0000)]
  0x0000000008239800 JavaThread "Signal Dispatcher" daemon [_thread_blocked, id=3248, stack(0x0000000008fb0000,0x00000000090b0000)]
  0x0000000008209000 JavaThread "Finalizer" daemon [_thread_blocked, id=1460, stack(0x0000000008eb0000,0x0000000008fb0000)]
  0x0000000008201000 JavaThread "Reference Handler" daemon [_thread_blocked, id=3580, stack(0x0000000008db0000,0x0000000008eb0000)]
  0x00000000024f0800 JavaThread "main" [_thread_in_vm, id=3400, stack(0x0000000002360000,0x0000000002460000)]

Other Threads:
  0x00000000081fb800 VMThread [stack: 0x0000000008cb0000,0x0000000008db0000] [id=368]
  0x0000000008256000 WatcherThread [stack: 0x00000000094b0000,0x00000000095b0000] [id=5756]

VM state:not at safepoint (normal execution)

VM Mutex/Monitor currently owned by a thread: None

Heap
 PSYoungGen      total 28672K, used 28499K [0x00000000eaa80000, 0x00000000ee280000, 0x0000000100000000)
  eden space 25088K, 99% used [0x00000000eaa80000,0x00000000ec2d6160,0x00000000ec300000)
  from space 3584K, 99% used [0x00000000ec300000,0x00000000ec67ecb0,0x00000000ec680000)
  to   space 3584K, 0% used [0x00000000edf00000,0x00000000edf00000,0x00000000ee280000)
 ParOldGen       total 64512K, used 18062K [0x00000000c0000000, 0x00000000c3f00000, 0x00000000eaa80000)
  object space 64512K, 27% used [0x00000000c0000000,0x00000000c11a39a0,0x00000000c3f00000)
 PSPermGen       total 21504K, used 5167K [0x00000000bae00000, 0x00000000bc300000, 0x00000000c0000000)
  object space 21504K, 24% used [0x00000000bae00000,0x00000000bb30bf48,0x00000000bc300000)

Card table byte_map: [0x00000000056b0000,0x00000000058e0000] byte_map_base: 0x00000000050d9000

Polling page: 0x0000000002460000

Code Cache  [0x00000000025f0000, 0x0000000002860000, 0x00000000055f0000)
 total_blobs=641 nmethods=432 adapters=162 free_code_cache=47417Kb largest_free_block=48521472

Compilation events (10 events):
Event: 4.150 Thread 0x000000000823e800 nmethod 432 0x00000000027a09d0 code [0x00000000027a0b20, 0x00000000027a0bd8]
Event: 4.151 Thread 0x000000000823e800  434             com.android.dx.cf.code.OneLocalsArray::copy (5 bytes)
Event: 4.153 Thread 0x000000000823e800 nmethod 434 0x000000000279f6d0 code [0x000000000279f820, 0x000000000279fab8]
Event: 4.161 Thread 0x000000000823e800  435             com.android.dx.rop.type.StdTypeList::withFirst (53 bytes)
Event: 4.165 Thread 0x000000000823e800 nmethod 435 0x00000000027a1e90 code [0x00000000027a1fe0, 0x00000000027a2278]
Event: 4.166 Thread 0x000000000823e800  436             com.android.dx.cf.code.Frame::getSubroutines (5 bytes)
Event: 4.166 Thread 0x000000000823e800 nmethod 436 0x000000000279d890 code [0x000000000279d9c0, 0x000000000279da18]
Event: 4.167 Thread 0x000000000823e800  437 %           com.android.dx.cf.code.Ropper::addExceptionSetupBlocks @ 8 (203 bytes)
Event: 4.179 Thread 0x000000000823e800 nmethod 437% 0x0000000002697710 code [0x0000000002697960, 0x0000000002698280]
Event: 4.185 Thread 0x000000000823e800  438             com.android.dx.rop.code.RegisterSpecSet::intersect (117 bytes)

GC Heap History (6 events):
Event: 2.562 GC heap before
{Heap before GC invocations=1 (full 0):
 PSYoungGen      total 28672K, used 25088K [0x00000000eaa80000, 0x00000000eca00000, 0x0000000100000000)
  eden space 25088K, 100% used [0x00000000eaa80000,0x00000000ec300000,0x00000000ec300000)
  from space 3584K, 0% used [0x00000000ec680000,0x00000000ec680000,0x00000000eca00000)
  to   space 3584K, 0% used [0x00000000ec300000,0x00000000ec300000,0x00000000ec680000)
 ParOldGen       total 64512K, used 0K [0x00000000c0000000, 0x00000000c3f00000, 0x00000000eaa80000)
  object space 64512K, 0% used [0x00000000c0000000,0x00000000c0000000,0x00000000c3f00000)
 PSPermGen       total 21504K, used 5045K [0x00000000bae00000, 0x00000000bc300000, 0x00000000c0000000)
  object space 21504K, 23% used [0x00000000bae00000,0x00000000bb2ed688,0x00000000bc300000)
Event: 2.573 GC heap after
Heap after GC invocations=1 (full 0):
 PSYoungGen      total 28672K, used 3552K [0x00000000eaa80000, 0x00000000eca00000, 0x0000000100000000)
  eden space 25088K, 0% used [0x00000000eaa80000,0x00000000eaa80000,0x00000000ec300000)
  from space 3584K, 99% used [0x00000000ec300000,0x00000000ec6783c0,0x00000000ec680000)
  to   space 3584K, 0% used [0x00000000ec680000,0x00000000ec680000,0x00000000eca00000)
 ParOldGen       total 64512K, used 1704K [0x00000000c0000000, 0x00000000c3f00000, 0x00000000eaa80000)
  object space 64512K, 2% used [0x00000000c0000000,0x00000000c01aa280,0x00000000c3f00000)
 PSPermGen       total 21504K, used 5045K [0x00000000bae00000, 0x00000000bc300000, 0x00000000c0000000)
  object space 21504K, 23% used [0x00000000bae00000,0x00000000bb2ed688,0x00000000bc300000)
}
Event: 3.357 GC heap before
{Heap before GC invocations=2 (full 0):
 PSYoungGen      total 28672K, used 28640K [0x00000000eaa80000, 0x00000000eca00000, 0x0000000100000000)
  eden space 25088K, 100% used [0x00000000eaa80000,0x00000000ec300000,0x00000000ec300000)
  from space 3584K, 99% used [0x00000000ec300000,0x00000000ec6783c0,0x00000000ec680000)
  to   space 3584K, 0% used [0x00000000ec680000,0x00000000ec680000,0x00000000eca00000)
 ParOldGen       total 64512K, used 1704K [0x00000000c0000000, 0x00000000c3f00000, 0x00000000eaa80000)
  object space 64512K, 2% used [0x00000000c0000000,0x00000000c01aa280,0x00000000c3f00000)
 PSPermGen       total 21504K, used 5079K [0x00000000bae00000, 0x00000000bc300000, 0x00000000c0000000)
  object space 21504K, 23% used [0x00000000bae00000,0x00000000bb2f5d78,0x00000000bc300000)
Event: 3.372 GC heap after
Heap after GC invocations=2 (full 0):
 PSYoungGen      total 28672K, used 3552K [0x00000000eaa80000, 0x00000000ee280000, 0x0000000100000000)
  eden space 25088K, 0% used [0x00000000eaa80000,0x00000000eaa80000,0x00000000ec300000)
  from space 3584K, 99% used [0x00000000ec680000,0x00000000ec9f8048,0x00000000eca00000)
  to   space 3584K, 0% used [0x00000000ec300000,0x00000000ec300000,0x00000000ec680000)
 ParOldGen       total 64512K, used 9762K [0x00000000c0000000, 0x00000000c3f00000, 0x00000000eaa80000)
  object space 64512K, 15% used [0x00000000c0000000,0x00000000c0988bb8,0x00000000c3f00000)
 PSPermGen       total 21504K, used 5079K [0x00000000bae00000, 0x00000000bc300000, 0x00000000c0000000)
  object space 21504K, 23% used [0x00000000bae00000,0x00000000bb2f5d78,0x00000000bc300000)
}
Event: 3.857 GC heap before
{Heap before GC invocations=3 (full 0):
 PSYoungGen      total 28672K, used 28640K [0x00000000eaa80000, 0x00000000ee280000, 0x0000000100000000)
  eden space 25088K, 100% used [0x00000000eaa80000,0x00000000ec300000,0x00000000ec300000)
  from space 3584K, 99% used [0x00000000ec680000,0x00000000ec9f8048,0x00000000eca00000)
  to   space 3584K, 0% used [0x00000000ec300000,0x00000000ec300000,0x00000000ec680000)
 ParOldGen       total 64512K, used 9762K [0x00000000c0000000, 0x00000000c3f00000, 0x00000000eaa80000)
  object space 64512K, 15% used [0x00000000c0000000,0x00000000c0988bb8,0x00000000c3f00000)
 PSPermGen       total 21504K, used 5125K [0x00000000bae00000, 0x00000000bc300000, 0x00000000c0000000)
  object space 21504K, 23% used [0x00000000bae00000,0x00000000bb301698,0x00000000bc300000)
Event: 3.874 GC heap after
Heap after GC invocations=3 (full 0):
 PSYoungGen      total 28672K, used 3579K [0x00000000eaa80000, 0x00000000ee280000, 0x0000000100000000)
  eden space 25088K, 0% used [0x00000000eaa80000,0x00000000eaa80000,0x00000000ec300000)
  from space 3584K, 99% used [0x00000000ec300000,0x00000000ec67ecb0,0x00000000ec680000)
  to   space 3584K, 0% used [0x00000000edf00000,0x00000000edf00000,0x00000000ee280000)
 ParOldGen       total 64512K, used 18062K [0x00000000c0000000, 0x00000000c3f00000, 0x00000000eaa80000)
  object space 64512K, 27% used [0x00000000c0000000,0x00000000c11a39a0,0x00000000c3f00000)
 PSPermGen       total 21504K, used 5125K [0x00000000bae00000, 0x00000000bc300000, 0x00000000c0000000)
  object space 21504K, 23% used [0x00000000bae00000,0x00000000bb301698,0x00000000bc300000)
}

Deoptimization events (10 events):
Event: 3.425 Thread 0x00000000024f0800 Uncommon trap: reason=class_check action=maybe_recompile pc=0x000000000267c7ac method=com.android.dx.ssa.NormalSsaInsn.accept(Lcom/android/dx/ssa/SsaInsn$Visitor;)V @ 9
Event: 3.563 Thread 0x00000000024f0800 Uncommon trap: reason=unreached action=reinterpret pc=0x00000000026d47e0 method=com.android.dx.cf.code.Ropper.processBlock(Lcom/android/dx/cf/code/ByteBlock;Lcom/android/dx/cf/code/Frame;[I)V @ 963
Event: 3.564 Thread 0x00000000024f0800 Uncommon trap: reason=unreached action=reinterpret pc=0x00000000026efe60 method=com.android.dx.rop.code.RegisterSpecSet.intersect(Lcom/android/dx/rop/code/RegisterSpecSet;Z)V @ 73
Event: 4.083 Thread 0x00000000024f0800 Uncommon trap: reason=uninitialized action=reinterpret pc=0x000000000277ac84 method=com.android.dx.cf.code.ByteCatchList.toRopCatchList()Lcom/android/dx/rop/type/TypeList; @ 36
Event: 4.084 Thread 0x00000000024f0800 Uncommon trap: reason=class_check action=maybe_recompile pc=0x00000000026f163c method=com.android.dx.cf.code.BaseMachine.getLocalTarget(Z)Lcom/android/dx/rop/code/RegisterSpec; @ 70
Event: 4.084 Thread 0x00000000024f0800 Uncommon trap: reason=class_check action=maybe_recompile pc=0x000000000271a788 method=com.android.dx.cf.code.BaseMachine.getLocalTarget(Z)Lcom/android/dx/rop/code/RegisterSpec; @ 70
Event: 4.084 Thread 0x00000000024f0800 Uncommon trap: reason=unreached action=reinterpret pc=0x00000000026ba0c0 method=com.android.dx.cf.code.Ropper.addExceptionSetupBlocks()V @ 21
Event: 4.085 Thread 0x00000000024f0800 Uncommon trap: reason=unreached action=reinterpret pc=0x00000000026e9ef4 method=com.android.dx.util.LabeledList.set(ILcom/android/dx/util/LabeledItem;)V @ 16
Event: 4.085 Thread 0x00000000024f0800 Uncommon trap: reason=unreached action=reinterpret pc=0x00000000026ce978 method=com.android.dx.util.LabeledList.set(ILcom/android/dx/util/LabeledItem;)V @ 16
Event: 4.085 Thread 0x00000000024f0800 Uncommon trap: reason=unreached action=reinterpret pc=0x0000000002792368 method=com.android.dx.util.FixedSizeList.shrinkToFit()V @ 21

Internal exceptions (10 events):
Event: 1.268 Thread 0x00000000024f0800 Threw 0x00000000ebb3eb30 at C:\re\jdk7u60\1081\hotspot\src\share\vm\prims\jvm.cpp:1244
Event: 1.269 Thread 0x00000000024f0800 Threw 0x00000000ebb41ba0 at C:\re\jdk7u60\1081\hotspot\src\share\vm\prims\jvm.cpp:1244
Event: 1.269 Thread 0x00000000024f0800 Threw 0x00000000ebb47db0 at C:\re\jdk7u60\1081\hotspot\src\share\vm\prims\jvm.cpp:1244
Event: 3.564 Thread 0x00000000024f0800 Implicit null exception at 0x00000000026ef952 to 0x00000000026efe15
Event: 3.603 Thread 0x00000000024f0800 Threw 0x00000000eb4258c8 at C:\re\jdk7u60\1081\hotspot\src\share\vm\prims\jvm.cpp:1244
Event: 4.075 Thread 0x00000000024f0800 Threw 0x00000000eb76b2a8 at C:\re\jdk7u60\1081\hotspot\src\share\vm\prims\jvm.cpp:1244
Event: 4.077 Thread 0x00000000024f0800 Threw 0x00000000eb775000 at C:\re\jdk7u60\1081\hotspot\src\share\vm\prims\jvm.cpp:1244
Event: 4.077 Thread 0x00000000024f0800 Threw 0x00000000eb777220 at C:\re\jdk7u60\1081\hotspot\src\share\vm\prims\jvm.cpp:1244
Event: 4.078 Thread 0x00000000024f0800 Threw 0x00000000eb77fce8 at C:\re\jdk7u60\1081\hotspot\src\share\vm\prims\jvm.cpp:1244
Event: 4.083 Thread 0x00000000024f0800 Threw 0x00000000eb7b5440 at C:\re\jdk7u60\1081\hotspot\src\share\vm\prims\jvm.cpp:1244

Events (10 events):
Event: 4.085 Thread 0x00000000024f0800 DEOPT PACKING pc=0x00000000026e9ef4 sp=0x000000000245e5e0
Event: 4.085 Thread 0x00000000024f0800 DEOPT UNPACKING pc=0x0000000002629064 sp=0x000000000245e548 mode 2
Event: 4.085 Thread 0x00000000024f0800 Uncommon trap: trap_request=0xffffffad fr.pc=0x00000000026ce978
Event: 4.085 Thread 0x00000000024f0800 DEOPT PACKING pc=0x00000000026ce978 sp=0x000000000245e580
Event: 4.085 Thread 0x00000000024f0800 DEOPT UNPACKING pc=0x0000000002629064 sp=0x000000000245e540 mode 2
Event: 4.085 Thread 0x00000000024f0800 Uncommon trap: trap_request=0xffffffad fr.pc=0x0000000002792368
Event: 4.085 Thread 0x00000000024f0800 DEOPT PACKING pc=0x0000000002792368 sp=0x000000000245e630
Event: 4.085 Thread 0x00000000024f0800 DEOPT UNPACKING pc=0x0000000002629064 sp=0x000000000245e5c8 mode 2
Event: 4.124 Thread 0x000000000823e800 flushing nmethod 0x0000000002679c10
Event: 4.131 Thread 0x000000000823e800 flushing nmethod 0x00000000026969d0


Dynamic libraries:
0x00007ff7aa420000 - 0x00007ff7aa453000 	C:\Program Files\Java\jdk1.7.0_60\bin\java.exe
0x00007ff8c38a0000 - 0x00007ff8c3a4d000 	C:\Windows\SYSTEM32\ntdll.dll
0x00007ff8c1820000 - 0x00007ff8c195e000 	C:\Windows\system32\KERNEL32.DLL
0x00007ff8c0b00000 - 0x00007ff8c0c15000 	C:\Windows\system32\KERNELBASE.dll
0x00007ff8bf5a0000 - 0x00007ff8bf62e000 	C:\Windows\system32\apphelp.dll
0x00007ff8b71a0000 - 0x00007ff8b71f3000 	C:\Windows\AppPatch\AppPatch64\AcGenral.DLL
0x00007ff8c1290000 - 0x00007ff8c133a000 	C:\Windows\system32\msvcrt.dll
0x00007ff8c0f00000 - 0x00007ff8c0f2e000 	C:\Windows\system32\SspiCli.dll
0x00007ff8c3320000 - 0x00007ff8c3374000 	C:\Windows\system32\SHLWAPI.dll
0x00007ff8c3190000 - 0x00007ff8c3307000 	C:\Windows\system32\USER32.dll
0x00007ff8c1020000 - 0x00007ff8c11b4000 	C:\Windows\system32\ole32.dll
0x00007ff8c1ab0000 - 0x00007ff8c2fda000 	C:\Windows\system32\SHELL32.dll
0x00007ff8bffa0000 - 0x00007ff8bffc1000 	C:\Windows\SYSTEM32\USERENV.dll
0x00007ff8c0f30000 - 0x00007ff8c0fda000 	C:\Windows\system32\ADVAPI32.dll
0x00007ff8bb180000 - 0x00007ff8bb19e000 	C:\Windows\SYSTEM32\MPR.dll
0x00007ff8c3760000 - 0x00007ff8c38a0000 	C:\Windows\system32\RPCRT4.dll
0x00007ff8c11c0000 - 0x00007ff8c1219000 	C:\Windows\SYSTEM32\sechost.dll
0x00007ff8c3540000 - 0x00007ff8c3751000 	C:\Windows\SYSTEM32\combase.dll
0x00007ff8c1960000 - 0x00007ff8c1aaf000 	C:\Windows\system32\GDI32.dll
0x00007ff8c09d0000 - 0x00007ff8c09e5000 	C:\Windows\SYSTEM32\profapi.dll
0x00007ff8bc9b0000 - 0x00007ff8bca62000 	C:\Windows\SYSTEM32\SHCORE.dll
0x00007ff8c0fe0000 - 0x00007ff8c1016000 	C:\Windows\system32\IMM32.DLL
0x00007ff8c16c0000 - 0x00007ff8c1812000 	C:\Windows\system32\MSCTF.dll
0x00007ff8bbf20000 - 0x00007ff8bc19b000 	C:\Windows\WinSxS\amd64_microsoft.windows.common-controls_6595b64144ccf1df_6.0.9600.18006_none_623f33d3ecbe86e8\COMCTL32.dll
0x000000005e080000 - 0x000000005e152000 	C:\Program Files\Java\jdk1.7.0_60\jre\bin\msvcr100.dll
0x000000005e5f0000 - 0x000000005edc2000 	C:\Program Files\Java\jdk1.7.0_60\jre\bin\server\jvm.dll
0x00007ff8bedd0000 - 0x00007ff8bedd9000 	C:\Windows\SYSTEM32\WSOCK32.dll
0x00007ff8bd4e0000 - 0x00007ff8bd502000 	C:\Windows\SYSTEM32\WINMM.dll
0x00007ff8c3530000 - 0x00007ff8c3537000 	C:\Windows\system32\PSAPI.DLL
0x00007ff8c13c0000 - 0x00007ff8c141a000 	C:\Windows\system32\WS2_32.dll
0x00007ff8bd430000 - 0x00007ff8bd45a000 	C:\Windows\SYSTEM32\WINMMBASE.dll
0x00007ff8c1280000 - 0x00007ff8c1289000 	C:\Windows\system32\NSI.dll
0x00007ff8c0e00000 - 0x00007ff8c0e4f000 	C:\Windows\SYSTEM32\cfgmgr32.dll
0x00007ff8bf7f0000 - 0x00007ff8bf818000 	C:\Windows\SYSTEM32\DEVOBJ.dll
0x000000005e500000 - 0x000000005e50f000 	C:\Program Files\Java\jdk1.7.0_60\jre\bin\verify.dll
0x000000005e4d0000 - 0x000000005e4f8000 	C:\Program Files\Java\jdk1.7.0_60\jre\bin\java.dll
0x000000005e4b0000 - 0x000000005e4c5000 	C:\Program Files\Java\jdk1.7.0_60\jre\bin\zip.dll

VM Arguments:
jvm_args: -Djava.awt.headless=true -Xmx1024M -Dfile.encoding=windows-1252 -Duser.country=IN -Duser.language=en -Duser.variant 
java_command: com.android.dx.command.Main --dex --force-jumbo --multi-dex --output E:\JK\app\build\intermediates\transforms\dex\debug\folders\1000\5\slice_5 E:\JK\app\build\intermediates\transforms\instantRunSlicer\debug\folders\1\5\slice_5
Launcher Type: SUN_STANDARD

Environment Variables:
PATH="C:\Program Files\Java\jdk1.7.0_60\bin";"C:\Program Files\Java\jdk1.7.0_60\bin"
USERNAME=Admin
OS=Windows_NT
PROCESSOR_IDENTIFIER=Intel64 Family 6 Model 58 Stepping 9, GenuineIntel



---------------  S Y S T E M  ---------------

OS: Windows 8.1 , 64 bit Build 9600 

CPU:total 2 (2 cores per cpu, 1 threads per core) family 6 model 58 stepping 9, cmov, cx8, fxsr, mmx, sse, sse2, sse3, ssse3, sse4.1, sse4.2, popcnt, erms, tsc, tscinvbit, tscinv

Memory: 4k page, physical 6185000k(852240k free), swap 9330728k(5232k free)

vm_info: Java HotSpot(TM) 64-Bit Server VM (24.60-b09) for windows-amd64 JRE (1.7.0_60-b19), built on May  7 2014 12:55:18 by "java_re" with unknown MS VC++:1600

time: Mon Jun 20 18:38:03 2016
elapsed time: 4 seconds

