#
# There is insufficient memory for the Java Runtime Environment to continue.
# Native memory allocation (malloc) failed to allocate 36304 bytes for Chunk::new
# Possible reasons:
#   The system is out of physical RAM or swap space
#   In 32 bit mode, the process size limit was hit
# Possible solutions:
#   Reduce memory load on the system
#   Increase physical memory or swap space
#   Check if swap backing store is full
#   Use 64 bit Java on a 64 bit OS
#   Decrease Java heap size (-Xmx/-Xms)
#   Decrease number of Java threads
#   Decrease Java thread stack sizes (-Xss)
#   Set larger code cache with -XX:ReservedCodeCacheSize=
# This output file may be truncated or incomplete.
#
#  Out of Memory Error (allocation.cpp:323), pid=1192, tid=1460
#
# JRE version: Java(TM) SE Runtime Environment (7.0_60-b19) (build 1.7.0_60-b19)
# Java VM: Java HotSpot(TM) 64-Bit Server VM (24.60-b09 mixed mode windows-amd64 compressed oops)
# Failed to write core dump. Minidumps are not enabled by default on client versions of Windows
#

---------------  T H R E A D  ---------------

Current thread (0x000000000894e000):  JavaThread "C2 CompilerThread0" daemon [_thread_in_native, id=1460, stack(0x00000000098a0000,0x00000000099a0000)]

Stack: [0x00000000098a0000,0x00000000099a0000]

Current CompileTask:
C2:   2374  340             com.android.dx.ssa.SsaMethod::makeExitBlock (134 bytes)


---------------  P R O C E S S  ---------------

Java Threads: ( => current thread )
  0x000000000895c000 JavaThread "Service Thread" daemon [_thread_blocked, id=5624, stack(0x0000000009aa0000,0x0000000009ba0000)]
  0x0000000008953800 JavaThread "C2 CompilerThread1" daemon [_thread_in_native, id=3248, stack(0x00000000099a0000,0x0000000009aa0000)]
=>0x000000000894e000 JavaThread "C2 CompilerThread0" daemon [_thread_in_native, id=1460, stack(0x00000000098a0000,0x00000000099a0000)]
  0x000000000894c800 JavaThread "Attach Listener" daemon [_thread_blocked, id=3580, stack(0x00000000097a0000,0x00000000098a0000)]
  0x0000000008949000 JavaThread "Signal Dispatcher" daemon [_thread_blocked, id=368, stack(0x00000000096a0000,0x00000000097a0000)]
  0x0000000008919800 JavaThread "Finalizer" daemon [_thread_blocked, id=3040, stack(0x00000000095a0000,0x00000000096a0000)]
  0x0000000008911000 JavaThread "Reference Handler" daemon [_thread_blocked, id=6080, stack(0x00000000094a0000,0x00000000095a0000)]
  0x0000000002be0800 JavaThread "main" [_thread_in_vm, id=180, stack(0x0000000002a60000,0x0000000002b60000)]

Other Threads:
  0x000000000890b800 VMThread [stack: 0x00000000093a0000,0x00000000094a0000] [id=3400]
  0x0000000008969000 WatcherThread [stack: 0x0000000009ba0000,0x0000000009ca0000] [id=2512]

VM state:not at safepoint (normal execution)

VM Mutex/Monitor currently owned by a thread: None

Heap
 PSYoungGen      total 28672K, used 5060K [0x00000000eaa80000, 0x00000000ee280000, 0x0000000100000000)
  eden space 25088K, 5% used [0x00000000eaa80000,0x00000000eabf20c0,0x00000000ec300000)
  from space 3584K, 99% used [0x00000000ec680000,0x00000000ec9ff078,0x00000000eca00000)
  to   space 3584K, 0% used [0x00000000ec300000,0x00000000ec300000,0x00000000ec680000)
 ParOldGen       total 64512K, used 5722K [0x00000000c0000000, 0x00000000c3f00000, 0x00000000eaa80000)
  object space 64512K, 8% used [0x00000000c0000000,0x00000000c0596be0,0x00000000c3f00000)
 PSPermGen       total 21504K, used 5547K [0x00000000bae00000, 0x00000000bc300000, 0x00000000c0000000)
  object space 21504K, 25% used [0x00000000bae00000,0x00000000bb36afc8,0x00000000bc300000)

Card table byte_map: [0x0000000005dc0000,0x0000000005ff0000] byte_map_base: 0x00000000057e9000

Polling page: 0x0000000001310000

Code Cache  [0x0000000002dc0000, 0x0000000003030000, 0x0000000005dc0000)
 total_blobs=572 nmethods=339 adapters=186 free_code_cache=47770Kb largest_free_block=48864128

Compilation events (10 events):
Event: 2.284 Thread 0x0000000008953800 nmethod 336 0x0000000002ef31d0 code [0x0000000002ef3360, 0x0000000002ef3750]
Event: 2.297 Thread 0x0000000008953800  337             com.android.dx.rop.code.ThrowingCstInsn::withNewRegisters (25 bytes)
Event: 2.299 Thread 0x0000000008953800 nmethod 337 0x0000000002ef2bd0 code [0x0000000002ef2d20, 0x0000000002ef2f38]
Event: 2.299 Thread 0x0000000008953800  338             com.android.dx.ssa.back.LivenessAnalyzer::coInterferePhis (128 bytes)
Event: 2.309 Thread 0x0000000008953800 nmethod 338 0x0000000002f0fc90 code [0x0000000002f0fe60, 0x0000000002f105a8]
Event: 2.353 Thread 0x000000000894e000 nmethod 332 0x0000000002f1e850 code [0x0000000002f1ec20, 0x0000000002f21d20]
Event: 2.357 Thread 0x0000000008953800  339             com.android.dx.util.Bits::or (24 bytes)
Event: 2.358 Thread 0x0000000008953800 nmethod 339 0x0000000002ef2950 code [0x0000000002ef2a80, 0x0000000002ef2b18]
Event: 2.360 Thread 0x000000000894e000  340             com.android.dx.ssa.SsaMethod::makeExitBlock (134 bytes)
Event: 2.372 Thread 0x0000000008953800  341             com.android.dx.ssa.back.SsaToRop::convertBasicBlocks (151 bytes)

GC Heap History (4 events):
Event: 1.435 GC heap before
{Heap before GC invocations=1 (full 0):
 PSYoungGen      total 28672K, used 25088K [0x00000000eaa80000, 0x00000000eca00000, 0x0000000100000000)
  eden space 25088K, 100% used [0x00000000eaa80000,0x00000000ec300000,0x00000000ec300000)
  from space 3584K, 0% used [0x00000000ec680000,0x00000000ec680000,0x00000000eca00000)
  to   space 3584K, 0% used [0x00000000ec300000,0x00000000ec300000,0x00000000ec680000)
 ParOldGen       total 64512K, used 0K [0x00000000c0000000, 0x00000000c3f00000, 0x00000000eaa80000)
  object space 64512K, 0% used [0x00000000c0000000,0x00000000c0000000,0x00000000c3f00000)
 PSPermGen       total 21504K, used 5473K [0x00000000bae00000, 0x00000000bc300000, 0x00000000c0000000)
  object space 21504K, 25% used [0x00000000bae00000,0x00000000bb358640,0x00000000bc300000)
Event: 1.443 GC heap after
Heap after GC invocations=1 (full 0):
 PSYoungGen      total 28672K, used 3555K [0x00000000eaa80000, 0x00000000eca00000, 0x0000000100000000)
  eden space 25088K, 0% used [0x00000000eaa80000,0x00000000eaa80000,0x00000000ec300000)
  from space 3584K, 99% used [0x00000000ec300000,0x00000000ec678f38,0x00000000ec680000)
  to   space 3584K, 0% used [0x00000000ec680000,0x00000000ec680000,0x00000000eca00000)
 ParOldGen       total 64512K, used 2091K [0x00000000c0000000, 0x00000000c3f00000, 0x00000000eaa80000)
  object space 64512K, 3% used [0x00000000c0000000,0x00000000c020aeb8,0x00000000c3f00000)
 PSPermGen       total 21504K, used 5473K [0x00000000bae00000, 0x00000000bc300000, 0x00000000c0000000)
  object space 21504K, 25% used [0x00000000bae00000,0x00000000bb358640,0x00000000bc300000)
}
Event: 2.319 GC heap before
{Heap before GC invocations=2 (full 0):
 PSYoungGen      total 28672K, used 28643K [0x00000000eaa80000, 0x00000000eca00000, 0x0000000100000000)
  eden space 25088K, 100% used [0x00000000eaa80000,0x00000000ec300000,0x00000000ec300000)
  from space 3584K, 99% used [0x00000000ec300000,0x00000000ec678f38,0x00000000ec680000)
  to   space 3584K, 0% used [0x00000000ec680000,0x00000000ec680000,0x00000000eca00000)
 ParOldGen       total 64512K, used 2091K [0x00000000c0000000, 0x00000000c3f00000, 0x00000000eaa80000)
  object space 64512K, 3% used [0x00000000c0000000,0x00000000c020aeb8,0x00000000c3f00000)
 PSPermGen       total 21504K, used 5545K [0x00000000bae00000, 0x00000000bc300000, 0x00000000c0000000)
  object space 21504K, 25% used [0x00000000bae00000,0x00000000bb36a7f8,0x00000000bc300000)
Event: 2.343 GC heap after
Heap after GC invocations=2 (full 0):
 PSYoungGen      total 28672K, used 3580K [0x00000000eaa80000, 0x00000000ee280000, 0x0000000100000000)
  eden space 25088K, 0% used [0x00000000eaa80000,0x00000000eaa80000,0x00000000ec300000)
  from space 3584K, 99% used [0x00000000ec680000,0x00000000ec9ff078,0x00000000eca00000)
  to   space 3584K, 0% used [0x00000000ec300000,0x00000000ec300000,0x00000000ec680000)
 ParOldGen       total 64512K, used 5722K [0x00000000c0000000, 0x00000000c3f00000, 0x00000000eaa80000)
  object space 64512K, 8% used [0x00000000c0000000,0x00000000c0596be0,0x00000000c3f00000)
 PSPermGen       total 21504K, used 5545K [0x00000000bae00000, 0x00000000bc300000, 0x00000000c0000000)
  object space 21504K, 25% used [0x00000000bae00000,0x00000000bb36a7f8,0x00000000bc300000)
}

Deoptimization events (10 events):
Event: 1.567 Thread 0x0000000002be0800 Uncommon trap: reason=unreached action=reinterpret pc=0x0000000002e435c4 method=com.android.dx.rop.cst.Constant.compareTo(Lcom/android/dx/rop/cst/Constant;)I @ 12
Event: 1.717 Thread 0x0000000002be0800 Uncommon trap: reason=class_check action=maybe_recompile pc=0x0000000002eb966c method=com.android.dx.cf.code.Ropper.processBlock(Lcom/android/dx/cf/code/ByteBlock;Lcom/android/dx/cf/code/Frame;[I)V @ 777
Event: 1.739 Thread 0x0000000002be0800 Uncommon trap: reason=class_check action=maybe_recompile pc=0x0000000002eb966c method=com.android.dx.cf.code.Ropper.processBlock(Lcom/android/dx/cf/code/ByteBlock;Lcom/android/dx/cf/code/Frame;[I)V @ 777
Event: 1.975 Thread 0x0000000002be0800 Uncommon trap: reason=bimorphic action=maybe_recompile pc=0x0000000002ee870c method=com.android.dx.cf.code.BaseMachine.getLocalTarget(Z)Lcom/android/dx/rop/code/RegisterSpec; @ 70
Event: 1.976 Thread 0x0000000002be0800 Uncommon trap: reason=bimorphic action=maybe_recompile pc=0x0000000002ee870c method=com.android.dx.cf.code.BaseMachine.getLocalTarget(Z)Lcom/android/dx/rop/code/RegisterSpec; @ 70
Event: 2.130 Thread 0x0000000002be0800 Uncommon trap: reason=bimorphic action=maybe_recompile pc=0x0000000002ee870c method=com.android.dx.cf.code.BaseMachine.getLocalTarget(Z)Lcom/android/dx/rop/code/RegisterSpec; @ 70
Event: 2.164 Thread 0x0000000002be0800 Uncommon trap: reason=null_check action=make_not_entrant pc=0x0000000002efc480 method=com.android.dx.ssa.SsaRenamer.getLocalForNewReg(I)Lcom/android/dx/rop/code/LocalItem; @ 19
Event: 2.193 Thread 0x0000000002be0800 Uncommon trap: reason=unreached action=reinterpret pc=0x0000000002e87108 method=com.android.dx.ssa.SCCP.simulateBranch(Lcom/android/dx/ssa/SsaInsn;)V @ 132
Event: 2.193 Thread 0x0000000002be0800 Uncommon trap: reason=unloaded action=reinterpret pc=0x0000000002f03424 method=com.android.dx.ssa.LiteralOpUpgrader$1.visitNonMoveInsn(Lcom/android/dx/ssa/NormalSsaInsn;)V @ 72
Event: 2.359 Thread 0x0000000002be0800 Uncommon trap: reason=bimorphic action=maybe_recompile pc=0x0000000002ee870c method=com.android.dx.cf.code.BaseMachine.getLocalTarget(Z)Lcom/android/dx/rop/code/RegisterSpec; @ 70

Internal exceptions (10 events):
Event: 0.526 Thread 0x0000000002be0800 Implicit null exception at 0x0000000002e3fd19 to 0x0000000002e40065
Event: 0.596 Thread 0x0000000002be0800 Threw 0x00000000eb5ff148 at C:\re\jdk7u60\1081\hotspot\src\share\vm\prims\jvm.cpp:1244
Event: 0.869 Thread 0x0000000002be0800 Threw 0x00000000ebae0e80 at C:\re\jdk7u60\1081\hotspot\src\share\vm\prims\jvm.cpp:1244
Event: 0.870 Thread 0x0000000002be0800 Threw 0x00000000ebaea998 at C:\re\jdk7u60\1081\hotspot\src\share\vm\prims\jvm.cpp:1244
Event: 0.870 Thread 0x0000000002be0800 Threw 0x00000000ebaecab8 at C:\re\jdk7u60\1081\hotspot\src\share\vm\prims\jvm.cpp:1244
Event: 0.892 Thread 0x0000000002be0800 Threw 0x00000000ebbb8590 at C:\re\jdk7u60\1081\hotspot\src\share\vm\prims\jvm.cpp:1244
Event: 1.125 Thread 0x0000000002be0800 Implicit null exception at 0x0000000002e6e2e2 to 0x0000000002e6f265
Event: 1.715 Thread 0x0000000002be0800 Threw 0x00000000eb045fe8 at C:\re\jdk7u60\1081\hotspot\src\share\vm\prims\jvm.cpp:1244
Event: 2.164 Thread 0x0000000002be0800 Implicit null exception at 0x0000000002efad73 to 0x0000000002efc451
Event: 2.194 Thread 0x0000000002be0800 Threw 0x00000000ebea98c0 at C:\re\jdk7u60\1081\hotspot\src\share\vm\prims\jvm.cpp:1244

Events (10 events):
Event: 2.193 Thread 0x0000000002be0800 Uncommon trap: trap_request=0x0000004e fr.pc=0x0000000002f03424
Event: 2.193 loading class 0x0000000009e49410
Event: 2.193 loading class 0x0000000009e49410 done
Event: 2.194 Thread 0x0000000002be0800 DEOPT PACKING pc=0x0000000002f03424 sp=0x0000000002b5e990
Event: 2.194 Thread 0x0000000002be0800 DEOPT UNPACKING pc=0x0000000002df9064 sp=0x0000000002b5e928 mode 2
Event: 2.318 Executing VM operation: ParallelGCFailedAllocation
Event: 2.343 Executing VM operation: ParallelGCFailedAllocation done
Event: 2.359 Thread 0x0000000002be0800 Uncommon trap: trap_request=0xffffffc6 fr.pc=0x0000000002ee870c
Event: 2.359 Thread 0x0000000002be0800 DEOPT PACKING pc=0x0000000002ee870c sp=0x0000000002b5e7b0
Event: 2.359 Thread 0x0000000002be0800 DEOPT UNPACKING pc=0x0000000002df9064 sp=0x0000000002b5e6f8 mode 2


Dynamic libraries:
0x00007ff7aa420000 - 0x00007ff7aa453000 	C:\Program Files\Java\jdk1.7.0_60\bin\java.exe
0x00007ff8c38a0000 - 0x00007ff8c3a4d000 	C:\Windows\SYSTEM32\ntdll.dll
0x00007ff8c1820000 - 0x00007ff8c195e000 	C:\Windows\system32\KERNEL32.DLL
0x00007ff8c0b00000 - 0x00007ff8c0c15000 	C:\Windows\system32\KERNELBASE.dll
0x00007ff8bf5a0000 - 0x00007ff8bf62e000 	C:\Windows\system32\apphelp.dll
0x00007ff8b71a0000 - 0x00007ff8b71f3000 	C:\Windows\AppPatch\AppPatch64\AcGenral.DLL
0x00007ff8c1290000 - 0x00007ff8c133a000 	C:\Windows\system32\msvcrt.dll
0x00007ff8c0f00000 - 0x00007ff8c0f2e000 	C:\Windows\system32\SspiCli.dll
0x00007ff8c3320000 - 0x00007ff8c3374000 	C:\Windows\system32\SHLWAPI.dll
0x00007ff8c3190000 - 0x00007ff8c3307000 	C:\Windows\system32\USER32.dll
0x00007ff8c1020000 - 0x00007ff8c11b4000 	C:\Windows\system32\ole32.dll
0x00007ff8c1ab0000 - 0x00007ff8c2fda000 	C:\Windows\system32\SHELL32.dll
0x00007ff8bffa0000 - 0x00007ff8bffc1000 	C:\Windows\SYSTEM32\USERENV.dll
0x00007ff8c0f30000 - 0x00007ff8c0fda000 	C:\Windows\system32\ADVAPI32.dll
0x00007ff8bb180000 - 0x00007ff8bb19e000 	C:\Windows\SYSTEM32\MPR.dll
0x00007ff8c3760000 - 0x00007ff8c38a0000 	C:\Windows\system32\RPCRT4.dll
0x00007ff8c11c0000 - 0x00007ff8c1219000 	C:\Windows\SYSTEM32\sechost.dll
0x00007ff8c3540000 - 0x00007ff8c3751000 	C:\Windows\SYSTEM32\combase.dll
0x00007ff8c1960000 - 0x00007ff8c1aaf000 	C:\Windows\system32\GDI32.dll
0x00007ff8c09d0000 - 0x00007ff8c09e5000 	C:\Windows\SYSTEM32\profapi.dll
0x00007ff8bc9b0000 - 0x00007ff8bca62000 	C:\Windows\SYSTEM32\SHCORE.dll
0x00007ff8c0fe0000 - 0x00007ff8c1016000 	C:\Windows\system32\IMM32.DLL
0x00007ff8c16c0000 - 0x00007ff8c1812000 	C:\Windows\system32\MSCTF.dll
0x00007ff8bbf20000 - 0x00007ff8bc19b000 	C:\Windows\WinSxS\amd64_microsoft.windows.common-controls_6595b64144ccf1df_6.0.9600.18006_none_623f33d3ecbe86e8\COMCTL32.dll
0x000000005e080000 - 0x000000005e152000 	C:\Program Files\Java\jdk1.7.0_60\jre\bin\msvcr100.dll
0x000000005e5f0000 - 0x000000005edc2000 	C:\Program Files\Java\jdk1.7.0_60\jre\bin\server\jvm.dll
0x00007ff8bedd0000 - 0x00007ff8bedd9000 	C:\Windows\SYSTEM32\WSOCK32.dll
0x00007ff8bd4e0000 - 0x00007ff8bd502000 	C:\Windows\SYSTEM32\WINMM.dll
0x00007ff8c3530000 - 0x00007ff8c3537000 	C:\Windows\system32\PSAPI.DLL
0x00007ff8c13c0000 - 0x00007ff8c141a000 	C:\Windows\system32\WS2_32.dll
0x00007ff8bd430000 - 0x00007ff8bd45a000 	C:\Windows\SYSTEM32\WINMMBASE.dll
0x00007ff8c1280000 - 0x00007ff8c1289000 	C:\Windows\system32\NSI.dll
0x00007ff8c0e00000 - 0x00007ff8c0e4f000 	C:\Windows\SYSTEM32\cfgmgr32.dll
0x00007ff8bf7f0000 - 0x00007ff8bf818000 	C:\Windows\SYSTEM32\DEVOBJ.dll
0x000000005e500000 - 0x000000005e50f000 	C:\Program Files\Java\jdk1.7.0_60\jre\bin\verify.dll
0x000000005e4d0000 - 0x000000005e4f8000 	C:\Program Files\Java\jdk1.7.0_60\jre\bin\java.dll
0x000000005e4b0000 - 0x000000005e4c5000 	C:\Program Files\Java\jdk1.7.0_60\jre\bin\zip.dll
0x000000005e490000 - 0x000000005e4a9000 	C:\Program Files\Java\jdk1.7.0_60\jre\bin\net.dll
0x00007ff8c0210000 - 0x00007ff8c0269000 	C:\Windows\system32\mswsock.dll
0x000000005e470000 - 0x000000005e481000 	C:\Program Files\Java\jdk1.7.0_60\jre\bin\nio.dll

VM Arguments:
jvm_args: -Djava.awt.headless=true -Xmx1024M -Dfile.encoding=windows-1252 -Duser.country=IN -Duser.language=en -Duser.variant 
java_command: com.android.dx.command.Main --dex --force-jumbo --multi-dex --output E:\JK\app\build\intermediates\transforms\dex\debug\folders\1000\10\com.android.support-appcompat-v7-22.2.0_3023a7ea551efea9cddaec08efea2581a656d4ad E:\JK\app\build\intermediates\exploded-aar\com.android.support\appcompat-v7\22.2.0\jars\classes.jar
Launcher Type: SUN_STANDARD

Environment Variables:
PATH="C:\Program Files\Java\jdk1.7.0_60\bin";"C:\Program Files\Java\jdk1.7.0_60\bin"
USERNAME=Admin
OS=Windows_NT
PROCESSOR_IDENTIFIER=Intel64 Family 6 Model 58 Stepping 9, GenuineIntel



---------------  S Y S T E M  ---------------

OS: Windows 8.1 , 64 bit Build 9600 

CPU:total 2 (2 cores per cpu, 1 threads per core) family 6 model 58 stepping 9, cmov, cx8, fxsr, mmx, sse, sse2, sse3, ssse3, sse4.1, sse4.2, popcnt, erms, tsc, tscinvbit, tscinv

Memory: 4k page, physical 6185000k(865176k free), swap 9330728k(5224k free)

vm_info: Java HotSpot(TM) 64-Bit Server VM (24.60-b09) for windows-amd64 JRE (1.7.0_60-b19), built on May  7 2014 12:55:18 by "java_re" with unknown MS VC++:1600

time: Mon Jun 20 18:38:15 2016
elapsed time: 2 seconds

