#
# There is insufficient memory for the Java Runtime Environment to continue.
# Native memory allocation (malloc) failed to allocate 1052736 bytes for Chunk::new
# Possible reasons:
#   The system is out of physical RAM or swap space
#   In 32 bit mode, the process size limit was hit
# Possible solutions:
#   Reduce memory load on the system
#   Increase physical memory or swap space
#   Check if swap backing store is full
#   Use 64 bit Java on a 64 bit OS
#   Decrease Java heap size (-Xmx/-Xms)
#   Decrease number of Java threads
#   Decrease Java thread stack sizes (-Xss)
#   Set larger code cache with -XX:ReservedCodeCacheSize=
# This output file may be truncated or incomplete.
#
#  Out of Memory Error (allocation.cpp:323), pid=5588, tid=2612
#
# JRE version: Java(TM) SE Runtime Environment (7.0_60-b19) (build 1.7.0_60-b19)
# Java VM: Java HotSpot(TM) 64-Bit Server VM (24.60-b09 mixed mode windows-amd64 compressed oops)
# Failed to write core dump. Minidumps are not enabled by default on client versions of Windows
#

---------------  T H R E A D  ---------------

Current thread (0x0000000008046800):  JavaThread "C2 CompilerThread0" daemon [_thread_in_native, id=2612, stack(0x0000000008fa0000,0x00000000090a0000)]

Stack: [0x0000000008fa0000,0x00000000090a0000]

Current CompileTask:
C2:   4670  390   !         com.android.dx.cf.code.RopperMachine::run (1550 bytes)


---------------  P R O C E S S  ---------------

Java Threads: ( => current thread )
  0x000000000804c800 JavaThread "Service Thread" daemon [_thread_blocked, id=5604, stack(0x00000000091a0000,0x00000000092a0000)]
  0x000000000804b800 JavaThread "C2 CompilerThread1" daemon [_thread_in_native, id=3768, stack(0x00000000090a0000,0x00000000091a0000)]
=>0x0000000008046800 JavaThread "C2 CompilerThread0" daemon [_thread_in_native, id=2612, stack(0x0000000008fa0000,0x00000000090a0000)]
  0x0000000008045000 JavaThread "Attach Listener" daemon [_thread_blocked, id=5300, stack(0x0000000008ea0000,0x0000000008fa0000)]
  0x0000000008041800 JavaThread "Signal Dispatcher" daemon [_thread_blocked, id=3088, stack(0x0000000008da0000,0x0000000008ea0000)]
  0x0000000008009000 JavaThread "Finalizer" daemon [_thread_blocked, id=5380, stack(0x0000000008ca0000,0x0000000008da0000)]
  0x0000000008001000 JavaThread "Reference Handler" daemon [_thread_blocked, id=5908, stack(0x0000000008ba0000,0x0000000008ca0000)]
  0x00000000022f0800 JavaThread "main" [_thread_in_vm, id=164, stack(0x0000000002130000,0x0000000002230000)]

Other Threads:
  0x0000000007ffb800 VMThread [stack: 0x0000000008aa0000,0x0000000008ba0000] [id=5484]
  0x0000000008056000 WatcherThread [stack: 0x00000000092a0000,0x00000000093a0000] [id=5316]

VM state:not at safepoint (normal execution)

VM Mutex/Monitor currently owned by a thread: None

Heap
 PSYoungGen      total 28672K, used 23084K [0x00000000eaa80000, 0x00000000eca00000, 0x0000000100000000)
  eden space 25088K, 77% used [0x00000000eaa80000,0x00000000ebd8b310,0x00000000ec300000)
  from space 3584K, 100% used [0x00000000ec680000,0x00000000eca00000,0x00000000eca00000)
  to   space 3584K, 0% used [0x00000000ec300000,0x00000000ec300000,0x00000000ec680000)
 ParOldGen       total 64512K, used 5761K [0x00000000c0000000, 0x00000000c3f00000, 0x00000000eaa80000)
  object space 64512K, 8% used [0x00000000c0000000,0x00000000c05a0630,0x00000000c3f00000)
 PSPermGen       total 21504K, used 5600K [0x00000000bae00000, 0x00000000bc300000, 0x00000000c0000000)
  object space 21504K, 26% used [0x00000000bae00000,0x00000000bb378270,0x00000000bc300000)

Card table byte_map: [0x00000000054b0000,0x00000000056e0000] byte_map_base: 0x0000000004ed9000

Polling page: 0x0000000000970000

Code Cache  [0x00000000023f0000, 0x0000000002660000, 0x00000000053f0000)
 total_blobs=618 nmethods=385 adapters=186 free_code_cache=47622Kb largest_free_block=48726784

Compilation events (10 events):
Event: 4.546 Thread 0x0000000008046800 nmethod 385 0x0000000002566d50 code [0x0000000002566e80, 0x0000000002566f18]
Event: 4.550 Thread 0x0000000008046800  386             com.android.dx.dex.code.BlockAddresses::setupArrays (113 bytes)
Event: 4.557 Thread 0x0000000008046800 nmethod 386 0x0000000002569e90 code [0x000000000256a040, 0x000000000256a738]
Event: 4.559 Thread 0x0000000008046800  387             com.android.dx.dex.code.RopTranslator::outputInstructions (69 bytes)
Event: 4.592 Thread 0x0000000008046800 nmethod 387 0x0000000002573590 code [0x0000000002573860, 0x0000000002574fe0]
Event: 4.604 Thread 0x0000000008046800  388             com.android.dx.cf.code.BaseMachine::clearArgs (56 bytes)
Event: 4.604 Thread 0x0000000008046800 nmethod 388 0x0000000002569c90 code [0x0000000002569dc0, 0x0000000002569e38]
Event: 4.608 Thread 0x0000000008046800  389             com.android.dx.ssa.back.FirstFitLocalCombiningAllocator::tryMapRegs (110 bytes)
Event: 4.623 Thread 0x0000000008046800 nmethod 389 0x00000000024a45d0 code [0x00000000024a47a0, 0x00000000024a52f0]
Event: 4.630 Thread 0x0000000008046800  390   !         com.android.dx.cf.code.RopperMachine::run (1550 bytes)

GC Heap History (4 events):
Event: 1.995 GC heap before
{Heap before GC invocations=1 (full 0):
 PSYoungGen      total 28672K, used 25088K [0x00000000eaa80000, 0x00000000eca00000, 0x0000000100000000)
  eden space 25088K, 100% used [0x00000000eaa80000,0x00000000ec300000,0x00000000ec300000)
  from space 3584K, 0% used [0x00000000ec680000,0x00000000ec680000,0x00000000eca00000)
  to   space 3584K, 0% used [0x00000000ec300000,0x00000000ec300000,0x00000000ec680000)
 ParOldGen       total 64512K, used 0K [0x00000000c0000000, 0x00000000c3f00000, 0x00000000eaa80000)
  object space 64512K, 0% used [0x00000000c0000000,0x00000000c0000000,0x00000000c3f00000)
 PSPermGen       total 21504K, used 5471K [0x00000000bae00000, 0x00000000bc300000, 0x00000000c0000000)
  object space 21504K, 25% used [0x00000000bae00000,0x00000000bb357d68,0x00000000bc300000)
Event: 2.004 GC heap after
Heap after GC invocations=1 (full 0):
 PSYoungGen      total 28672K, used 3559K [0x00000000eaa80000, 0x00000000eca00000, 0x0000000100000000)
  eden space 25088K, 0% used [0x00000000eaa80000,0x00000000eaa80000,0x00000000ec300000)
  from space 3584K, 99% used [0x00000000ec300000,0x00000000ec679c78,0x00000000ec680000)
  to   space 3584K, 0% used [0x00000000ec680000,0x00000000ec680000,0x00000000eca00000)
 ParOldGen       total 64512K, used 1937K [0x00000000c0000000, 0x00000000c3f00000, 0x00000000eaa80000)
  object space 64512K, 3% used [0x00000000c0000000,0x00000000c01e4450,0x00000000c3f00000)
 PSPermGen       total 21504K, used 5471K [0x00000000bae00000, 0x00000000bc300000, 0x00000000c0000000)
  object space 21504K, 25% used [0x00000000bae00000,0x00000000bb357d68,0x00000000bc300000)
}
Event: 3.606 GC heap before
{Heap before GC invocations=2 (full 0):
 PSYoungGen      total 28672K, used 28647K [0x00000000eaa80000, 0x00000000eca00000, 0x0000000100000000)
  eden space 25088K, 100% used [0x00000000eaa80000,0x00000000ec300000,0x00000000ec300000)
  from space 3584K, 99% used [0x00000000ec300000,0x00000000ec679c78,0x00000000ec680000)
  to   space 3584K, 0% used [0x00000000ec680000,0x00000000ec680000,0x00000000eca00000)
 ParOldGen       total 64512K, used 1937K [0x00000000c0000000, 0x00000000c3f00000, 0x00000000eaa80000)
  object space 64512K, 3% used [0x00000000c0000000,0x00000000c01e4450,0x00000000c3f00000)
 PSPermGen       total 21504K, used 5563K [0x00000000bae00000, 0x00000000bc300000, 0x00000000c0000000)
  object space 21504K, 25% used [0x00000000bae00000,0x00000000bb36ec48,0x00000000bc300000)
Event: 3.635 GC heap after
Heap after GC invocations=2 (full 0):
 PSYoungGen      total 28672K, used 3584K [0x00000000eaa80000, 0x00000000eca00000, 0x0000000100000000)
  eden space 25088K, 0% used [0x00000000eaa80000,0x00000000eaa80000,0x00000000ec300000)
  from space 3584K, 100% used [0x00000000ec680000,0x00000000eca00000,0x00000000eca00000)
  to   space 3584K, 0% used [0x00000000ec300000,0x00000000ec300000,0x00000000ec680000)
 ParOldGen       total 64512K, used 5761K [0x00000000c0000000, 0x00000000c3f00000, 0x00000000eaa80000)
  object space 64512K, 8% used [0x00000000c0000000,0x00000000c05a0630,0x00000000c3f00000)
 PSPermGen       total 21504K, used 5563K [0x00000000bae00000, 0x00000000bc300000, 0x00000000c0000000)
  object space 21504K, 25% used [0x00000000bae00000,0x00000000bb36ec48,0x00000000bc300000)
}

Deoptimization events (10 events):
Event: 3.263 Thread 0x00000000022f0800 Uncommon trap: reason=unreached action=reinterpret pc=0x0000000002474b44 method=com.android.dx.rop.cst.Constant.compareTo(Lcom/android/dx/rop/cst/Constant;)I @ 12
Event: 3.469 Thread 0x00000000022f0800 Uncommon trap: reason=unreached action=reinterpret pc=0x00000000024bd62c method=com.android.dx.ssa.SsaRenamer$BlockRenamer.process()V @ 90
Event: 3.728 Thread 0x00000000022f0800 Uncommon trap: reason=null_check action=make_not_entrant pc=0x0000000002544ad4 method=com.android.dx.dex.file.MethodIdsSection.intern(Lcom/android/dx/rop/cst/CstBaseMethodRef;)Lcom/android/dx/dex/file/MethodIdItem; @ 26
Event: 3.775 Thread 0x00000000022f0800 Uncommon trap: reason=class_check action=maybe_recompile pc=0x000000000251e1d4 method=com.android.dx.cf.code.BytecodeArray.parseInstruction(ILcom/android/dx/cf/code/BytecodeArray$Visitor;)I @ 1051
Event: 3.775 Thread 0x00000000022f0800 Uncommon trap: reason=class_check action=maybe_recompile pc=0x000000000251e184 method=com.android.dx.cf.code.BytecodeArray.parseInstruction(ILcom/android/dx/cf/code/BytecodeArray$Visitor;)I @ 1035
Event: 3.775 Thread 0x00000000022f0800 Uncommon trap: reason=class_check action=maybe_recompile pc=0x000000000251e1d4 method=com.android.dx.cf.code.BytecodeArray.parseInstruction(ILcom/android/dx/cf/code/BytecodeArray$Visitor;)I @ 1051
Event: 3.775 Thread 0x00000000022f0800 Uncommon trap: reason=class_check action=maybe_recompile pc=0x000000000251e184 method=com.android.dx.cf.code.BytecodeArray.parseInstruction(ILcom/android/dx/cf/code/BytecodeArray$Visitor;)I @ 1035
Event: 3.851 Thread 0x00000000022f0800 Uncommon trap: reason=bimorphic action=maybe_recompile pc=0x00000000024e0178 method=java.util.HashMap.put(Ljava/lang/Object;Ljava/lang/Object;)Ljava/lang/Object; @ 83
Event: 4.382 Thread 0x00000000022f0800 Uncommon trap: reason=unreached action=reinterpret pc=0x00000000024c310c method=com.android.dx.ssa.SCCP.simulateBranch(Lcom/android/dx/ssa/SsaInsn;)V @ 132
Event: 4.383 Thread 0x00000000022f0800 Uncommon trap: reason=unloaded action=reinterpret pc=0x000000000250d048 method=com.android.dx.ssa.LiteralOpUpgrader$1.visitNonMoveInsn(Lcom/android/dx/ssa/NormalSsaInsn;)V @ 72

Internal exceptions (10 events):
Event: 0.910 Thread 0x00000000022f0800 Threw 0x00000000eb48cfb0 at C:\re\jdk7u60\1081\hotspot\src\share\vm\prims\jvm.cpp:1244
Event: 0.912 Thread 0x00000000022f0800 Threw 0x00000000eb498be8 at C:\re\jdk7u60\1081\hotspot\src\share\vm\prims\jvm.cpp:1244
Event: 1.044 Thread 0x00000000022f0800 Implicit null exception at 0x000000000246d523 to 0x000000000246d84d
Event: 1.270 Thread 0x00000000022f0800 Threw 0x00000000ebae2fc8 at C:\re\jdk7u60\1081\hotspot\src\share\vm\prims\jvm.cpp:1244
Event: 1.495 Thread 0x00000000022f0800 Threw 0x00000000ebdeb6f8 at C:\re\jdk7u60\1081\hotspot\src\share\vm\prims\jvm.cpp:1244
Event: 1.576 Thread 0x00000000022f0800 Implicit null exception at 0x00000000024a36b4 to 0x00000000024a4889
Event: 2.037 Thread 0x00000000022f0800 Implicit null exception at 0x00000000024c62db to 0x00000000024c69d9
Event: 2.642 Thread 0x00000000022f0800 Threw 0x00000000eb2c3e20 at C:\re\jdk7u60\1081\hotspot\src\share\vm\prims\jvm.cpp:1244
Event: 3.728 Thread 0x00000000022f0800 Implicit null exception at 0x0000000002544414 to 0x0000000002544ac5
Event: 4.383 Thread 0x00000000022f0800 Threw 0x00000000eb518128 at C:\re\jdk7u60\1081\hotspot\src\share\vm\prims\jvm.cpp:1244

Events (10 events):
Event: 4.383 Thread 0x00000000022f0800 Uncommon trap: trap_request=0x0000004e fr.pc=0x000000000250d048
Event: 4.383 loading class 0x000000000953df10
Event: 4.383 loading class 0x000000000953df10 done
Event: 4.383 Thread 0x00000000022f0800 DEOPT PACKING pc=0x000000000250d048 sp=0x000000000222e9a0
Event: 4.383 Thread 0x00000000022f0800 DEOPT UNPACKING pc=0x0000000002429064 sp=0x000000000222e938 mode 2
Event: 4.427 Executing VM operation: EnableBiasedLocking
Event: 4.427 Executing VM operation: EnableBiasedLocking done
Event: 4.495 Thread 0x000000000804b800 flushing nmethod 0x000000000246d1d0
Event: 4.499 Thread 0x0000000008046800 flushing nmethod 0x0000000002479150
Event: 4.511 Thread 0x000000000804b800 flushing nmethod 0x00000000024a2b90


Dynamic libraries:
0x00007ff7aa420000 - 0x00007ff7aa453000 	C:\Program Files\Java\jdk1.7.0_60\bin\java.exe
0x00007ff8c38a0000 - 0x00007ff8c3a4d000 	C:\Windows\SYSTEM32\ntdll.dll
0x00007ff8c1820000 - 0x00007ff8c195e000 	C:\Windows\system32\KERNEL32.DLL
0x00007ff8c0b00000 - 0x00007ff8c0c15000 	C:\Windows\system32\KERNELBASE.dll
0x00007ff8bf5a0000 - 0x00007ff8bf62e000 	C:\Windows\system32\apphelp.dll
0x00007ff8b71a0000 - 0x00007ff8b71f3000 	C:\Windows\AppPatch\AppPatch64\AcGenral.DLL
0x00007ff8c1290000 - 0x00007ff8c133a000 	C:\Windows\system32\msvcrt.dll
0x00007ff8c0f00000 - 0x00007ff8c0f2e000 	C:\Windows\system32\SspiCli.dll
0x00007ff8c3320000 - 0x00007ff8c3374000 	C:\Windows\system32\SHLWAPI.dll
0x00007ff8c3190000 - 0x00007ff8c3307000 	C:\Windows\system32\USER32.dll
0x00007ff8c1020000 - 0x00007ff8c11b4000 	C:\Windows\system32\ole32.dll
0x00007ff8c1ab0000 - 0x00007ff8c2fda000 	C:\Windows\system32\SHELL32.dll
0x00007ff8bffa0000 - 0x00007ff8bffc1000 	C:\Windows\SYSTEM32\USERENV.dll
0x00007ff8c0f30000 - 0x00007ff8c0fda000 	C:\Windows\system32\ADVAPI32.dll
0x00007ff8bb180000 - 0x00007ff8bb19e000 	C:\Windows\SYSTEM32\MPR.dll
0x00007ff8c3760000 - 0x00007ff8c38a0000 	C:\Windows\system32\RPCRT4.dll
0x00007ff8c11c0000 - 0x00007ff8c1219000 	C:\Windows\SYSTEM32\sechost.dll
0x00007ff8c3540000 - 0x00007ff8c3751000 	C:\Windows\SYSTEM32\combase.dll
0x00007ff8c1960000 - 0x00007ff8c1aaf000 	C:\Windows\system32\GDI32.dll
0x00007ff8c09d0000 - 0x00007ff8c09e5000 	C:\Windows\SYSTEM32\profapi.dll
0x00007ff8bc9b0000 - 0x00007ff8bca62000 	C:\Windows\SYSTEM32\SHCORE.dll
0x00007ff8c0fe0000 - 0x00007ff8c1016000 	C:\Windows\system32\IMM32.DLL
0x00007ff8c16c0000 - 0x00007ff8c1812000 	C:\Windows\system32\MSCTF.dll
0x00007ff8bbf20000 - 0x00007ff8bc19b000 	C:\Windows\WinSxS\amd64_microsoft.windows.common-controls_6595b64144ccf1df_6.0.9600.18006_none_623f33d3ecbe86e8\COMCTL32.dll
0x000000005e080000 - 0x000000005e152000 	C:\Program Files\Java\jdk1.7.0_60\jre\bin\msvcr100.dll
0x000000005e5f0000 - 0x000000005edc2000 	C:\Program Files\Java\jdk1.7.0_60\jre\bin\server\jvm.dll
0x00007ff8bedd0000 - 0x00007ff8bedd9000 	C:\Windows\SYSTEM32\WSOCK32.dll
0x00007ff8bd4e0000 - 0x00007ff8bd502000 	C:\Windows\SYSTEM32\WINMM.dll
0x00007ff8c3530000 - 0x00007ff8c3537000 	C:\Windows\system32\PSAPI.DLL
0x00007ff8c13c0000 - 0x00007ff8c141a000 	C:\Windows\system32\WS2_32.dll
0x00007ff8bd430000 - 0x00007ff8bd45a000 	C:\Windows\SYSTEM32\WINMMBASE.dll
0x00007ff8c1280000 - 0x00007ff8c1289000 	C:\Windows\system32\NSI.dll
0x00007ff8c0e00000 - 0x00007ff8c0e4f000 	C:\Windows\SYSTEM32\cfgmgr32.dll
0x00007ff8bf7f0000 - 0x00007ff8bf818000 	C:\Windows\SYSTEM32\DEVOBJ.dll
0x000000005e500000 - 0x000000005e50f000 	C:\Program Files\Java\jdk1.7.0_60\jre\bin\verify.dll
0x000000005e4d0000 - 0x000000005e4f8000 	C:\Program Files\Java\jdk1.7.0_60\jre\bin\java.dll
0x000000005e4b0000 - 0x000000005e4c5000 	C:\Program Files\Java\jdk1.7.0_60\jre\bin\zip.dll
0x000000005e490000 - 0x000000005e4a9000 	C:\Program Files\Java\jdk1.7.0_60\jre\bin\net.dll
0x00007ff8c0210000 - 0x00007ff8c0269000 	C:\Windows\system32\mswsock.dll
0x000000005e470000 - 0x000000005e481000 	C:\Program Files\Java\jdk1.7.0_60\jre\bin\nio.dll

VM Arguments:
jvm_args: -Djava.awt.headless=true -Xmx1024M -Dfile.encoding=windows-1252 -Duser.country=IN -Duser.language=en -Duser.variant 
java_command: com.android.dx.command.Main --dex --force-jumbo --multi-dex --output E:\JK\app\build\intermediates\transforms\dex\debug\folders\1000\10\internal_impl-22.2.0_0e3151083caa557a099d11a589cacbbd0905aafd E:\JK\app\build\intermediates\exploded-aar\com.android.support\support-v4\22.2.0\jars\libs\internal_impl-22.2.0.jar
Launcher Type: SUN_STANDARD

Environment Variables:
PATH="C:\Program Files\Java\jdk1.7.0_60\bin";"C:\Program Files\Java\jdk1.7.0_60\bin"
USERNAME=Admin
OS=Windows_NT
PROCESSOR_IDENTIFIER=Intel64 Family 6 Model 58 Stepping 9, GenuineIntel



---------------  S Y S T E M  ---------------

OS: Windows 8.1 , 64 bit Build 9600 

CPU:total 2 (2 cores per cpu, 1 threads per core) family 6 model 58 stepping 9, cmov, cx8, fxsr, mmx, sse, sse2, sse3, ssse3, sse4.1, sse4.2, popcnt, erms, tsc, tscinvbit, tscinv

Memory: 4k page, physical 6185000k(801800k free), swap 9330728k(6432k free)

vm_info: Java HotSpot(TM) 64-Bit Server VM (24.60-b09) for windows-amd64 JRE (1.7.0_60-b19), built on May  7 2014 12:55:18 by "java_re" with unknown MS VC++:1600

time: Mon Jun 20 18:38:12 2016
elapsed time: 4 seconds

