#
# There is insufficient memory for the Java Runtime Environment to continue.
# Native memory allocation (malloc) failed to allocate 48976 bytes for Chunk::new
# Possible reasons:
#   The system is out of physical RAM or swap space
#   In 32 bit mode, the process size limit was hit
# Possible solutions:
#   Reduce memory load on the system
#   Increase physical memory or swap space
#   Check if swap backing store is full
#   Use 64 bit Java on a 64 bit OS
#   Decrease Java heap size (-Xmx/-Xms)
#   Decrease number of Java threads
#   Decrease Java thread stack sizes (-Xss)
#   Set larger code cache with -XX:ReservedCodeCacheSize=
# This output file may be truncated or incomplete.
#
#  Out of Memory Error (allocation.cpp:323), pid=5676, tid=1868
#
# JRE version: Java(TM) SE Runtime Environment (7.0_60-b19) (build 1.7.0_60-b19)
# Java VM: Java HotSpot(TM) 64-Bit Server VM (24.60-b09 mixed mode windows-amd64 compressed oops)
# Failed to write core dump. Minidumps are not enabled by default on client versions of Windows
#

---------------  T H R E A D  ---------------

Current thread (0x000000000800b000):  JavaThread "C2 CompilerThread1" daemon [_thread_in_native, id=1868, stack(0x0000000009060000,0x0000000009160000)]

Stack: [0x0000000009060000,0x0000000009160000]

Current CompileTask:
C2:   2761  345             com.android.dx.dex.code.RopToDop::dopFor (792 bytes)


---------------  P R O C E S S  ---------------

Java Threads: ( => current thread )
  0x000000000800c000 JavaThread "Service Thread" daemon [_thread_blocked, id=4244, stack(0x0000000009160000,0x0000000009260000)]
=>0x000000000800b000 JavaThread "C2 CompilerThread1" daemon [_thread_in_native, id=1868, stack(0x0000000009060000,0x0000000009160000)]
  0x0000000007ffe000 JavaThread "C2 CompilerThread0" daemon [_thread_in_native, id=3552, stack(0x0000000008f60000,0x0000000009060000)]
  0x0000000007ffc800 JavaThread "Attach Listener" daemon [_thread_blocked, id=4704, stack(0x0000000008e60000,0x0000000008f60000)]
  0x0000000007ff9000 JavaThread "Signal Dispatcher" daemon [_thread_blocked, id=5168, stack(0x0000000008d60000,0x0000000008e60000)]
  0x0000000007fc9000 JavaThread "Finalizer" daemon [_thread_blocked, id=3028, stack(0x0000000008c60000,0x0000000008d60000)]
  0x0000000007fc1000 JavaThread "Reference Handler" daemon [_thread_blocked, id=2236, stack(0x0000000008b60000,0x0000000008c60000)]
  0x0000000002370800 JavaThread "main" [_thread_in_vm, id=5652, stack(0x00000000021d0000,0x00000000022d0000)]

Other Threads:
  0x0000000007fbb800 VMThread [stack: 0x0000000008a60000,0x0000000008b60000] [id=4052]
  0x0000000008015800 WatcherThread [stack: 0x0000000009260000,0x0000000009360000] [id=5292]

VM state:not at safepoint (normal execution)

VM Mutex/Monitor currently owned by a thread: None

Heap
 PSYoungGen      total 28672K, used 6274K [0x00000000eaa80000, 0x00000000ee280000, 0x0000000100000000)
  eden space 25088K, 10% used [0x00000000eaa80000,0x00000000ead28a00,0x00000000ec300000)
  from space 3584K, 99% used [0x00000000ec680000,0x00000000ec9f8048,0x00000000eca00000)
  to   space 3584K, 0% used [0x00000000ec300000,0x00000000ec300000,0x00000000ec680000)
 ParOldGen       total 64512K, used 5944K [0x00000000c0000000, 0x00000000c3f00000, 0x00000000eaa80000)
  object space 64512K, 9% used [0x00000000c0000000,0x00000000c05ce218,0x00000000c3f00000)
 PSPermGen       total 21504K, used 5580K [0x00000000bae00000, 0x00000000bc300000, 0x00000000c0000000)
  object space 21504K, 25% used [0x00000000bae00000,0x00000000bb373228,0x00000000bc300000)

Card table byte_map: [0x0000000005470000,0x00000000056a0000] byte_map_base: 0x0000000004e99000

Polling page: 0x00000000008a0000

Code Cache  [0x0000000002470000, 0x00000000026e0000, 0x0000000005470000)
 total_blobs=576 nmethods=343 adapters=186 free_code_cache=47836Kb largest_free_block=48960192

Compilation events (10 events):
Event: 2.735 Thread 0x0000000007ffe000  341             com.android.dx.ssa.back.LivenessAnalyzer::coInterferePhis (128 bytes)
Event: 2.738 Thread 0x000000000800b000  342             com.android.dx.cf.code.ByteBlock::getLabel (5 bytes)
Event: 2.738 Thread 0x000000000800b000 nmethod 342 0x00000000025aa290 code [0x00000000025aa3c0, 0x00000000025aa418]
Event: 2.743 Thread 0x000000000800b000  343             com.android.dx.rop.code.Rop::hashCode (54 bytes)
Event: 2.745 Thread 0x0000000007ffe000 nmethod 341 0x00000000025b2550 code [0x00000000025b2720, 0x00000000025b2e68]
Event: 2.746 Thread 0x000000000800b000 nmethod 343 0x00000000025b0b10 code [0x00000000025b0c60, 0x00000000025b0ef8]
Event: 2.749 Thread 0x0000000007ffe000  344             com.android.dx.rop.code.PlainInsn::getCatches (4 bytes)
Event: 2.749 Thread 0x0000000007ffe000 nmethod 344 0x00000000025bd410 code [0x00000000025bd540, 0x00000000025bd598]
Event: 2.751 Thread 0x000000000800b000  345             com.android.dx.dex.code.RopToDop::dopFor (792 bytes)
Event: 2.752 Thread 0x0000000007ffe000  346             com.android.dx.ssa.SsaMethod::makeExitBlock (134 bytes)

GC Heap History (4 events):
Event: 1.856 GC heap before
{Heap before GC invocations=1 (full 0):
 PSYoungGen      total 28672K, used 25088K [0x00000000eaa80000, 0x00000000eca00000, 0x0000000100000000)
  eden space 25088K, 100% used [0x00000000eaa80000,0x00000000ec300000,0x00000000ec300000)
  from space 3584K, 0% used [0x00000000ec680000,0x00000000ec680000,0x00000000eca00000)
  to   space 3584K, 0% used [0x00000000ec300000,0x00000000ec300000,0x00000000ec680000)
 ParOldGen       total 64512K, used 0K [0x00000000c0000000, 0x00000000c3f00000, 0x00000000eaa80000)
  object space 64512K, 0% used [0x00000000c0000000,0x00000000c0000000,0x00000000c3f00000)
 PSPermGen       total 21504K, used 5497K [0x00000000bae00000, 0x00000000bc300000, 0x00000000c0000000)
  object space 21504K, 25% used [0x00000000bae00000,0x00000000bb35e580,0x00000000bc300000)
Event: 1.864 GC heap after
Heap after GC invocations=1 (full 0):
 PSYoungGen      total 28672K, used 3575K [0x00000000eaa80000, 0x00000000eca00000, 0x0000000100000000)
  eden space 25088K, 0% used [0x00000000eaa80000,0x00000000eaa80000,0x00000000ec300000)
  from space 3584K, 99% used [0x00000000ec300000,0x00000000ec67dc78,0x00000000ec680000)
  to   space 3584K, 0% used [0x00000000ec680000,0x00000000ec680000,0x00000000eca00000)
 ParOldGen       total 64512K, used 1969K [0x00000000c0000000, 0x00000000c3f00000, 0x00000000eaa80000)
  object space 64512K, 3% used [0x00000000c0000000,0x00000000c01ec4e0,0x00000000c3f00000)
 PSPermGen       total 21504K, used 5497K [0x00000000bae00000, 0x00000000bc300000, 0x00000000c0000000)
  object space 21504K, 25% used [0x00000000bae00000,0x00000000bb35e580,0x00000000bc300000)
}
Event: 2.706 GC heap before
{Heap before GC invocations=2 (full 0):
 PSYoungGen      total 28672K, used 28663K [0x00000000eaa80000, 0x00000000eca00000, 0x0000000100000000)
  eden space 25088K, 100% used [0x00000000eaa80000,0x00000000ec300000,0x00000000ec300000)
  from space 3584K, 99% used [0x00000000ec300000,0x00000000ec67dc78,0x00000000ec680000)
  to   space 3584K, 0% used [0x00000000ec680000,0x00000000ec680000,0x00000000eca00000)
 ParOldGen       total 64512K, used 1969K [0x00000000c0000000, 0x00000000c3f00000, 0x00000000eaa80000)
  object space 64512K, 3% used [0x00000000c0000000,0x00000000c01ec4e0,0x00000000c3f00000)
 PSPermGen       total 21504K, used 5573K [0x00000000bae00000, 0x00000000bc300000, 0x00000000c0000000)
  object space 21504K, 25% used [0x00000000bae00000,0x00000000bb371558,0x00000000bc300000)
Event: 2.720 GC heap after
Heap after GC invocations=2 (full 0):
 PSYoungGen      total 28672K, used 3552K [0x00000000eaa80000, 0x00000000ee280000, 0x0000000100000000)
  eden space 25088K, 0% used [0x00000000eaa80000,0x00000000eaa80000,0x00000000ec300000)
  from space 3584K, 99% used [0x00000000ec680000,0x00000000ec9f8048,0x00000000eca00000)
  to   space 3584K, 0% used [0x00000000ec300000,0x00000000ec300000,0x00000000ec680000)
 ParOldGen       total 64512K, used 5944K [0x00000000c0000000, 0x00000000c3f00000, 0x00000000eaa80000)
  object space 64512K, 9% used [0x00000000c0000000,0x00000000c05ce218,0x00000000c3f00000)
 PSPermGen       total 21504K, used 5573K [0x00000000bae00000, 0x00000000bc300000, 0x00000000c0000000)
  object space 21504K, 25% used [0x00000000bae00000,0x00000000bb371558,0x00000000bc300000)
}

Deoptimization events (10 events):
Event: 2.388 Thread 0x0000000002370800 Uncommon trap: reason=uninitialized action=reinterpret pc=0x0000000002565124 method=com.android.dx.cf.code.ByteCatchList.toRopCatchList()Lcom/android/dx/rop/type/TypeList; @ 36
Event: 2.390 Thread 0x0000000002370800 Uncommon trap: reason=unreached action=reinterpret pc=0x0000000002576744 method=com.android.dx.cf.code.BaseMachine.getLocalTarget(Z)Lcom/android/dx/rop/code/RegisterSpec; @ 131
Event: 2.390 Thread 0x0000000002370800 Uncommon trap: reason=unreached action=reinterpret pc=0x0000000002563440 method=com.android.dx.cf.code.Ropper.addExceptionSetupBlocks()V @ 21
Event: 2.448 Thread 0x0000000002370800 Uncommon trap: reason=unreached action=reinterpret pc=0x0000000002575c74 method=com.android.dx.util.LabeledList.set(ILcom/android/dx/util/LabeledItem;)V @ 16
Event: 2.448 Thread 0x0000000002370800 Uncommon trap: reason=unreached action=reinterpret pc=0x0000000002554cf8 method=com.android.dx.util.LabeledList.set(ILcom/android/dx/util/LabeledItem;)V @ 16
Event: 2.490 Thread 0x0000000002370800 Uncommon trap: reason=null_check action=make_not_entrant pc=0x00000000024f6b34 method=com.android.dx.ssa.SsaRenamer.getLocalForNewReg(I)Lcom/android/dx/rop/code/LocalItem; @ 19
Event: 2.639 Thread 0x0000000002370800 Uncommon trap: reason=bimorphic action=maybe_recompile pc=0x0000000002587434 method=com.android.dx.cf.code.BytecodeArray.parseInstruction(ILcom/android/dx/cf/code/BytecodeArray$Visitor;)I @ 1549
Event: 2.639 Thread 0x0000000002370800 Uncommon trap: reason=bimorphic action=maybe_recompile pc=0x0000000002587434 method=com.android.dx.cf.code.BytecodeArray.parseInstruction(ILcom/android/dx/cf/code/BytecodeArray$Visitor;)I @ 1549
Event: 2.639 Thread 0x0000000002370800 Uncommon trap: reason=bimorphic action=maybe_recompile pc=0x0000000002587434 method=com.android.dx.cf.code.BytecodeArray.parseInstruction(ILcom/android/dx/cf/code/BytecodeArray$Visitor;)I @ 1549
Event: 2.640 Thread 0x0000000002370800 Uncommon trap: reason=bimorphic action=maybe_recompile pc=0x0000000002587434 method=com.android.dx.cf.code.BytecodeArray.parseInstruction(ILcom/android/dx/cf/code/BytecodeArray$Visitor;)I @ 1549

Internal exceptions (10 events):
Event: 1.238 Thread 0x0000000002370800 Threw 0x00000000eb5aecf8 at C:\re\jdk7u60\1081\hotspot\src\share\vm\prims\jvm.cpp:1244
Event: 1.240 Thread 0x0000000002370800 Threw 0x00000000eb5b5238 at C:\re\jdk7u60\1081\hotspot\src\share\vm\prims\jvm.cpp:1244
Event: 1.240 Thread 0x0000000002370800 Threw 0x00000000eb5b7358 at C:\re\jdk7u60\1081\hotspot\src\share\vm\prims\jvm.cpp:1244
Event: 1.279 Thread 0x0000000002370800 Threw 0x00000000eb6a0970 at C:\re\jdk7u60\1081\hotspot\src\share\vm\prims\jvm.cpp:1244
Event: 1.353 Thread 0x0000000002370800 Threw 0x00000000eb829ab8 at C:\re\jdk7u60\1081\hotspot\src\share\vm\prims\jvm.cpp:1244
Event: 1.555 Thread 0x0000000002370800 Threw 0x00000000ebcd5c40 at C:\re\jdk7u60\1081\hotspot\src\share\vm\prims\jvm.cpp:1244
Event: 1.852 Thread 0x0000000002370800 Implicit null exception at 0x000000000253bc47 to 0x000000000253c329
Event: 1.948 Thread 0x0000000002370800 Implicit null exception at 0x0000000002524f12 to 0x0000000002525002
Event: 2.388 Thread 0x0000000002370800 Threw 0x00000000eb91b810 at C:\re\jdk7u60\1081\hotspot\src\share\vm\prims\jvm.cpp:1244
Event: 2.490 Thread 0x0000000002370800 Implicit null exception at 0x00000000024f6163 to 0x00000000024f6b19

Events (10 events):
Event: 2.639 Thread 0x0000000002370800 DEOPT PACKING pc=0x0000000002587434 sp=0x00000000022ce860
Event: 2.639 Thread 0x0000000002370800 DEOPT UNPACKING pc=0x00000000024a9064 sp=0x00000000022ce7f0 mode 2
Event: 2.639 Thread 0x0000000002370800 Uncommon trap: trap_request=0xffffffc6 fr.pc=0x0000000002587434
Event: 2.639 Thread 0x0000000002370800 DEOPT PACKING pc=0x0000000002587434 sp=0x00000000022ce830
Event: 2.639 Thread 0x0000000002370800 DEOPT UNPACKING pc=0x00000000024a9064 sp=0x00000000022ce7c0 mode 2
Event: 2.640 Thread 0x0000000002370800 Uncommon trap: trap_request=0xffffffc6 fr.pc=0x0000000002587434
Event: 2.640 Thread 0x0000000002370800 DEOPT PACKING pc=0x0000000002587434 sp=0x00000000022ce830
Event: 2.640 Thread 0x0000000002370800 DEOPT UNPACKING pc=0x00000000024a9064 sp=0x00000000022ce7c0 mode 2
Event: 2.705 Executing VM operation: ParallelGCFailedAllocation
Event: 2.720 Executing VM operation: ParallelGCFailedAllocation done


Dynamic libraries:
0x00007ff7aa420000 - 0x00007ff7aa453000 	C:\Program Files\Java\jdk1.7.0_60\bin\java.exe
0x00007ff8c38a0000 - 0x00007ff8c3a4d000 	C:\Windows\SYSTEM32\ntdll.dll
0x00007ff8c1820000 - 0x00007ff8c195e000 	C:\Windows\system32\KERNEL32.DLL
0x00007ff8c0b00000 - 0x00007ff8c0c15000 	C:\Windows\system32\KERNELBASE.dll
0x00007ff8bf5a0000 - 0x00007ff8bf62e000 	C:\Windows\system32\apphelp.dll
0x00007ff8b71a0000 - 0x00007ff8b71f3000 	C:\Windows\AppPatch\AppPatch64\AcGenral.DLL
0x00007ff8c1290000 - 0x00007ff8c133a000 	C:\Windows\system32\msvcrt.dll
0x00007ff8c0f00000 - 0x00007ff8c0f2e000 	C:\Windows\system32\SspiCli.dll
0x00007ff8c3320000 - 0x00007ff8c3374000 	C:\Windows\system32\SHLWAPI.dll
0x00007ff8c3190000 - 0x00007ff8c3307000 	C:\Windows\system32\USER32.dll
0x00007ff8c1020000 - 0x00007ff8c11b4000 	C:\Windows\system32\ole32.dll
0x00007ff8c1ab0000 - 0x00007ff8c2fda000 	C:\Windows\system32\SHELL32.dll
0x00007ff8bffa0000 - 0x00007ff8bffc1000 	C:\Windows\SYSTEM32\USERENV.dll
0x00007ff8c0f30000 - 0x00007ff8c0fda000 	C:\Windows\system32\ADVAPI32.dll
0x00007ff8bb180000 - 0x00007ff8bb19e000 	C:\Windows\SYSTEM32\MPR.dll
0x00007ff8c3760000 - 0x00007ff8c38a0000 	C:\Windows\system32\RPCRT4.dll
0x00007ff8c11c0000 - 0x00007ff8c1219000 	C:\Windows\SYSTEM32\sechost.dll
0x00007ff8c3540000 - 0x00007ff8c3751000 	C:\Windows\SYSTEM32\combase.dll
0x00007ff8c1960000 - 0x00007ff8c1aaf000 	C:\Windows\system32\GDI32.dll
0x00007ff8c09d0000 - 0x00007ff8c09e5000 	C:\Windows\SYSTEM32\profapi.dll
0x00007ff8bc9b0000 - 0x00007ff8bca62000 	C:\Windows\SYSTEM32\SHCORE.dll
0x00007ff8c0fe0000 - 0x00007ff8c1016000 	C:\Windows\system32\IMM32.DLL
0x00007ff8c16c0000 - 0x00007ff8c1812000 	C:\Windows\system32\MSCTF.dll
0x00007ff8bbf20000 - 0x00007ff8bc19b000 	C:\Windows\WinSxS\amd64_microsoft.windows.common-controls_6595b64144ccf1df_6.0.9600.18006_none_623f33d3ecbe86e8\COMCTL32.dll
0x000000005e080000 - 0x000000005e152000 	C:\Program Files\Java\jdk1.7.0_60\jre\bin\msvcr100.dll
0x000000005e5f0000 - 0x000000005edc2000 	C:\Program Files\Java\jdk1.7.0_60\jre\bin\server\jvm.dll
0x00007ff8bedd0000 - 0x00007ff8bedd9000 	C:\Windows\SYSTEM32\WSOCK32.dll
0x00007ff8bd4e0000 - 0x00007ff8bd502000 	C:\Windows\SYSTEM32\WINMM.dll
0x00007ff8c3530000 - 0x00007ff8c3537000 	C:\Windows\system32\PSAPI.DLL
0x00007ff8c13c0000 - 0x00007ff8c141a000 	C:\Windows\system32\WS2_32.dll
0x00007ff8bd430000 - 0x00007ff8bd45a000 	C:\Windows\SYSTEM32\WINMMBASE.dll
0x00007ff8c1280000 - 0x00007ff8c1289000 	C:\Windows\system32\NSI.dll
0x00007ff8c0e00000 - 0x00007ff8c0e4f000 	C:\Windows\SYSTEM32\cfgmgr32.dll
0x00007ff8bf7f0000 - 0x00007ff8bf818000 	C:\Windows\SYSTEM32\DEVOBJ.dll
0x000000005e500000 - 0x000000005e50f000 	C:\Program Files\Java\jdk1.7.0_60\jre\bin\verify.dll
0x000000005e4d0000 - 0x000000005e4f8000 	C:\Program Files\Java\jdk1.7.0_60\jre\bin\java.dll
0x000000005e4b0000 - 0x000000005e4c5000 	C:\Program Files\Java\jdk1.7.0_60\jre\bin\zip.dll
0x000000005e490000 - 0x000000005e4a9000 	C:\Program Files\Java\jdk1.7.0_60\jre\bin\net.dll
0x00007ff8c0210000 - 0x00007ff8c0269000 	C:\Windows\system32\mswsock.dll
0x000000005e470000 - 0x000000005e481000 	C:\Program Files\Java\jdk1.7.0_60\jre\bin\nio.dll

VM Arguments:
jvm_args: -Djava.awt.headless=true -Xmx1024M -Dfile.encoding=windows-1252 -Duser.country=IN -Duser.language=en -Duser.variant 
java_command: com.android.dx.command.Main --dex --force-jumbo --multi-dex --output E:\JK\app\build\intermediates\transforms\dex\debug\folders\1000\10\com.android.support-design-22.2.0_7c5210e715bfd29c361ca991093f451fbf5b11d2 E:\JK\app\build\intermediates\exploded-aar\com.android.support\design\22.2.0\jars\classes.jar
Launcher Type: SUN_STANDARD

Environment Variables:
PATH="C:\Program Files\Java\jdk1.7.0_60\bin";"C:\Program Files\Java\jdk1.7.0_60\bin"
USERNAME=Admin
OS=Windows_NT
PROCESSOR_IDENTIFIER=Intel64 Family 6 Model 58 Stepping 9, GenuineIntel



---------------  S Y S T E M  ---------------

OS: Windows 8.1 , 64 bit Build 9600 

CPU:total 2 (2 cores per cpu, 1 threads per core) family 6 model 58 stepping 9, cmov, cx8, fxsr, mmx, sse, sse2, sse3, ssse3, sse4.1, sse4.2, popcnt, erms, tsc, tscinvbit, tscinv

Memory: 4k page, physical 6185000k(842752k free), swap 9330728k(5120k free)

vm_info: Java HotSpot(TM) 64-Bit Server VM (24.60-b09) for windows-amd64 JRE (1.7.0_60-b19), built on May  7 2014 12:55:18 by "java_re" with unknown MS VC++:1600

time: Mon Jun 20 18:38:19 2016
elapsed time: 2 seconds

