#
# There is insufficient memory for the Java Runtime Environment to continue.
# Native memory allocation (malloc) failed to allocate 1125776 bytes for Chunk::new
# Possible reasons:
#   The system is out of physical RAM or swap space
#   In 32 bit mode, the process size limit was hit
# Possible solutions:
#   Reduce memory load on the system
#   Increase physical memory or swap space
#   Check if swap backing store is full
#   Use 64 bit Java on a 64 bit OS
#   Decrease Java heap size (-Xmx/-Xms)
#   Decrease number of Java threads
#   Decrease Java thread stack sizes (-Xss)
#   Set larger code cache with -XX:ReservedCodeCacheSize=
# This output file may be truncated or incomplete.
#
#  Out of Memory Error (allocation.cpp:323), pid=5796, tid=5260
#
# JRE version: Java(TM) SE Runtime Environment (7.0_60-b19) (build 1.7.0_60-b19)
# Java VM: Java HotSpot(TM) 64-Bit Server VM (24.60-b09 mixed mode windows-amd64 compressed oops)
# Failed to write core dump. Minidumps are not enabled by default on client versions of Windows
#

---------------  T H R E A D  ---------------

Current thread (0x0000000007b6b800):  JavaThread "C2 CompilerThread1" daemon [_thread_in_native, id=5260, stack(0x0000000008bc0000,0x0000000008cc0000)]

Stack: [0x0000000008bc0000,0x0000000008cc0000]

Current CompileTask:
C2:   5672  639   !         com.android.dx.cf.code.RopperMachine::run (1550 bytes)


---------------  P R O C E S S  ---------------

Java Threads: ( => current thread )
  0x0000000007b6c800 JavaThread "Service Thread" daemon [_thread_blocked, id=1628, stack(0x0000000008cc0000,0x0000000008dc0000)]
=>0x0000000007b6b800 JavaThread "C2 CompilerThread1" daemon [_thread_in_native, id=5260, stack(0x0000000008bc0000,0x0000000008cc0000)]
  0x0000000007b5e800 JavaThread "C2 CompilerThread0" daemon [_thread_blocked, id=3764, stack(0x0000000008ac0000,0x0000000008bc0000)]
  0x0000000007b5d000 JavaThread "Attach Listener" daemon [_thread_blocked, id=1040, stack(0x00000000089c0000,0x0000000008ac0000)]
  0x0000000007b59800 JavaThread "Signal Dispatcher" daemon [_thread_blocked, id=5840, stack(0x00000000088c0000,0x00000000089c0000)]
  0x0000000007b29000 JavaThread "Finalizer" daemon [_thread_blocked, id=5592, stack(0x00000000087c0000,0x00000000088c0000)]
  0x0000000007b21000 JavaThread "Reference Handler" daemon [_thread_blocked, id=5176, stack(0x00000000086c0000,0x00000000087c0000)]
  0x0000000001ed0800 JavaThread "main" [_thread_in_Java, id=5956, stack(0x0000000001dd0000,0x0000000001ed0000)]

Other Threads:
  0x0000000007b1b800 VMThread [stack: 0x00000000085c0000,0x00000000086c0000] [id=1020]
  0x0000000007b76000 WatcherThread [stack: 0x0000000008dc0000,0x0000000008ec0000] [id=792]

VM state:not at safepoint (normal execution)

VM Mutex/Monitor currently owned by a thread: None

Heap
 PSYoungGen      total 112128K, used 42688K [0x00000000eaa80000, 0x00000000f9780000, 0x0000000100000000)
  eden space 99328K, 30% used [0x00000000eaa80000,0x00000000ec7b6678,0x00000000f0b80000)
  from space 12800K, 99% used [0x00000000f0b80000,0x00000000f17f9d28,0x00000000f1800000)
  to   space 22016K, 0% used [0x00000000f8200000,0x00000000f8200000,0x00000000f9780000)
 ParOldGen       total 64512K, used 35437K [0x00000000c0000000, 0x00000000c3f00000, 0x00000000eaa80000)
  object space 64512K, 54% used [0x00000000c0000000,0x00000000c229b660,0x00000000c3f00000)
 PSPermGen       total 21504K, used 5751K [0x00000000bae00000, 0x00000000bc300000, 0x00000000c0000000)
  object space 21504K, 26% used [0x00000000bae00000,0x00000000bb39de88,0x00000000bc300000)

Card table byte_map: [0x0000000004fd0000,0x0000000005200000] byte_map_base: 0x00000000049f9000

Polling page: 0x0000000000530000

Code Cache  [0x0000000001fd0000, 0x0000000002270000, 0x0000000004fd0000)
 total_blobs=858 nmethods=625 adapters=186 free_code_cache=46554Kb largest_free_block=47628672

Compilation events (10 events):
Event: 5.562 Thread 0x0000000007b6b800 nmethod 635 0x000000000224d3d0 code [0x000000000224d500, 0x000000000224d598]
Event: 5.589 Thread 0x0000000007b5e800  636             com.android.dx.rop.code.RegisterSpecSet::<init> (27 bytes)
Event: 5.590 Thread 0x0000000007b5e800 nmethod 636 0x0000000002260850 code [0x00000000022609a0, 0x0000000002260ab8]
Event: 5.591 Thread 0x0000000007b6b800  637             com.android.dx.cf.code.BasicBlocker::visitConstant (39 bytes)
Event: 5.595 Thread 0x0000000007b6b800 nmethod 637 0x000000000224e150 code [0x000000000224e2e0, 0x000000000224e6d8]
Event: 5.613 Thread 0x0000000007b5e800  638             com.android.dx.ssa.SsaMethod::getParamWidth (5 bytes)
Event: 5.614 Thread 0x0000000007b5e800 nmethod 638 0x00000000020a98d0 code [0x00000000020a9a00, 0x00000000020a9a58]
Event: 5.625 Thread 0x0000000007b6b800  639   !         com.android.dx.cf.code.RopperMachine::run (1550 bytes)
Event: 5.627 Thread 0x0000000007b5e800  640             java.util.TreeMap::size (5 bytes)
Event: 5.627 Thread 0x0000000007b5e800 nmethod 640 0x000000000224b950 code [0x000000000224ba80, 0x000000000224bad8]

GC Heap History (10 events):
Event: 3.351 GC heap before
{Heap before GC invocations=3 (full 0):
 PSYoungGen      total 28672K, used 28647K [0x00000000eaa80000, 0x00000000ee280000, 0x0000000100000000)
  eden space 25088K, 100% used [0x00000000eaa80000,0x00000000ec300000,0x00000000ec300000)
  from space 3584K, 99% used [0x00000000ec680000,0x00000000ec9f9c98,0x00000000eca00000)
  to   space 3584K, 0% used [0x00000000ec300000,0x00000000ec300000,0x00000000ec680000)
 ParOldGen       total 64512K, used 5636K [0x00000000c0000000, 0x00000000c3f00000, 0x00000000eaa80000)
  object space 64512K, 8% used [0x00000000c0000000,0x00000000c05812b8,0x00000000c3f00000)
 PSPermGen       total 21504K, used 5600K [0x00000000bae00000, 0x00000000bc300000, 0x00000000c0000000)
  object space 21504K, 26% used [0x00000000bae00000,0x00000000bb378178,0x00000000bc300000)
Event: 3.362 GC heap after
Heap after GC invocations=3 (full 0):
 PSYoungGen      total 28672K, used 3554K [0x00000000eaa80000, 0x00000000ee280000, 0x0000000100000000)
  eden space 25088K, 0% used [0x00000000eaa80000,0x00000000eaa80000,0x00000000ec300000)
  from space 3584K, 99% used [0x00000000ec300000,0x00000000ec678a80,0x00000000ec680000)
  to   space 3584K, 0% used [0x00000000edf00000,0x00000000edf00000,0x00000000ee280000)
 ParOldGen       total 64512K, used 9063K [0x00000000c0000000, 0x00000000c3f00000, 0x00000000eaa80000)
  object space 64512K, 14% used [0x00000000c0000000,0x00000000c08d9c88,0x00000000c3f00000)
 PSPermGen       total 21504K, used 5600K [0x00000000bae00000, 0x00000000bc300000, 0x00000000c0000000)
  object space 21504K, 26% used [0x00000000bae00000,0x00000000bb378178,0x00000000bc300000)
}
Event: 3.674 GC heap before
{Heap before GC invocations=4 (full 0):
 PSYoungGen      total 28672K, used 28642K [0x00000000eaa80000, 0x00000000ee280000, 0x0000000100000000)
  eden space 25088K, 100% used [0x00000000eaa80000,0x00000000ec300000,0x00000000ec300000)
  from space 3584K, 99% used [0x00000000ec300000,0x00000000ec678a80,0x00000000ec680000)
  to   space 3584K, 0% used [0x00000000edf00000,0x00000000edf00000,0x00000000ee280000)
 ParOldGen       total 64512K, used 9063K [0x00000000c0000000, 0x00000000c3f00000, 0x00000000eaa80000)
  object space 64512K, 14% used [0x00000000c0000000,0x00000000c08d9c88,0x00000000c3f00000)
 PSPermGen       total 21504K, used 5623K [0x00000000bae00000, 0x00000000bc300000, 0x00000000c0000000)
  object space 21504K, 26% used [0x00000000bae00000,0x00000000bb37dd98,0x00000000bc300000)
Event: 3.688 GC heap after
Heap after GC invocations=4 (full 0):
 PSYoungGen      total 53760K, used 3573K [0x00000000eaa80000, 0x00000000ee280000, 0x0000000100000000)
  eden space 50176K, 0% used [0x00000000eaa80000,0x00000000eaa80000,0x00000000edb80000)
  from space 3584K, 99% used [0x00000000edf00000,0x00000000ee27d6a0,0x00000000ee280000)
  to   space 3584K, 0% used [0x00000000edb80000,0x00000000edb80000,0x00000000edf00000)
 ParOldGen       total 64512K, used 12576K [0x00000000c0000000, 0x00000000c3f00000, 0x00000000eaa80000)
  object space 64512K, 19% used [0x00000000c0000000,0x00000000c0c48168,0x00000000c3f00000)
 PSPermGen       total 21504K, used 5623K [0x00000000bae00000, 0x00000000bc300000, 0x00000000c0000000)
  object space 21504K, 26% used [0x00000000bae00000,0x00000000bb37dd98,0x00000000bc300000)
}
Event: 4.293 GC heap before
{Heap before GC invocations=5 (full 0):
 PSYoungGen      total 53760K, used 53749K [0x00000000eaa80000, 0x00000000ee280000, 0x0000000100000000)
  eden space 50176K, 100% used [0x00000000eaa80000,0x00000000edb80000,0x00000000edb80000)
  from space 3584K, 99% used [0x00000000edf00000,0x00000000ee27d6a0,0x00000000ee280000)
  to   space 3584K, 0% used [0x00000000edb80000,0x00000000edb80000,0x00000000edf00000)
 ParOldGen       total 64512K, used 12576K [0x00000000c0000000, 0x00000000c3f00000, 0x00000000eaa80000)
  object space 64512K, 19% used [0x00000000c0000000,0x00000000c0c48168,0x00000000c3f00000)
 PSPermGen       total 21504K, used 5666K [0x00000000bae00000, 0x00000000bc300000, 0x00000000c0000000)
  object space 21504K, 26% used [0x00000000bae00000,0x00000000bb388a60,0x00000000bc300000)
Event: 4.319 GC heap after
Heap after GC invocations=5 (full 0):
 PSYoungGen      total 53760K, used 3576K [0x00000000eaa80000, 0x00000000f2380000, 0x0000000100000000)
  eden space 50176K, 0% used [0x00000000eaa80000,0x00000000eaa80000,0x00000000edb80000)
  from space 3584K, 99% used [0x00000000edb80000,0x00000000edefe1b0,0x00000000edf00000)
  to   space 11776K, 0% used [0x00000000f1800000,0x00000000f1800000,0x00000000f2380000)
 ParOldGen       total 64512K, used 21043K [0x00000000c0000000, 0x00000000c3f00000, 0x00000000eaa80000)
  object space 64512K, 32% used [0x00000000c0000000,0x00000000c148cc68,0x00000000c3f00000)
 PSPermGen       total 21504K, used 5666K [0x00000000bae00000, 0x00000000bc300000, 0x00000000c0000000)
  object space 21504K, 26% used [0x00000000bae00000,0x00000000bb388a60,0x00000000bc300000)
}
Event: 4.870 GC heap before
{Heap before GC invocations=6 (full 0):
 PSYoungGen      total 53760K, used 53752K [0x00000000eaa80000, 0x00000000f2380000, 0x0000000100000000)
  eden space 50176K, 100% used [0x00000000eaa80000,0x00000000edb80000,0x00000000edb80000)
  from space 3584K, 99% used [0x00000000edb80000,0x00000000edefe1b0,0x00000000edf00000)
  to   space 11776K, 0% used [0x00000000f1800000,0x00000000f1800000,0x00000000f2380000)
 ParOldGen       total 64512K, used 21043K [0x00000000c0000000, 0x00000000c3f00000, 0x00000000eaa80000)
  object space 64512K, 32% used [0x00000000c0000000,0x00000000c148cc68,0x00000000c3f00000)
 PSPermGen       total 21504K, used 5694K [0x00000000bae00000, 0x00000000bc300000, 0x00000000c0000000)
  object space 21504K, 26% used [0x00000000bae00000,0x00000000bb38f898,0x00000000bc300000)
Event: 4.922 GC heap after
Heap after GC invocations=6 (full 0):
 PSYoungGen      total 111104K, used 11480K [0x00000000eaa80000, 0x00000000f2580000, 0x0000000100000000)
  eden space 99328K, 0% used [0x00000000eaa80000,0x00000000eaa80000,0x00000000f0b80000)
  from space 11776K, 97% used [0x00000000f1800000,0x00000000f23361c0,0x00000000f2380000)
  to   space 12800K, 0% used [0x00000000f0b80000,0x00000000f0b80000,0x00000000f1800000)
 ParOldGen       total 64512K, used 21043K [0x00000000c0000000, 0x00000000c3f00000, 0x00000000eaa80000)
  object space 64512K, 32% used [0x00000000c0000000,0x00000000c148cc68,0x00000000c3f00000)
 PSPermGen       total 21504K, used 5694K [0x00000000bae00000, 0x00000000bc300000, 0x00000000c0000000)
  object space 21504K, 26% used [0x00000000bae00000,0x00000000bb38f898,0x00000000bc300000)
}
Event: 5.480 GC heap before
{Heap before GC invocations=7 (full 0):
 PSYoungGen      total 111104K, used 110808K [0x00000000eaa80000, 0x00000000f2580000, 0x0000000100000000)
  eden space 99328K, 100% used [0x00000000eaa80000,0x00000000f0b80000,0x00000000f0b80000)
  from space 11776K, 97% used [0x00000000f1800000,0x00000000f23361c0,0x00000000f2380000)
  to   space 12800K, 0% used [0x00000000f0b80000,0x00000000f0b80000,0x00000000f1800000)
 ParOldGen       total 64512K, used 21043K [0x00000000c0000000, 0x00000000c3f00000, 0x00000000eaa80000)
  object space 64512K, 32% used [0x00000000c0000000,0x00000000c148cc68,0x00000000c3f00000)
 PSPermGen       total 21504K, used 5745K [0x00000000bae00000, 0x00000000bc300000, 0x00000000c0000000)
  object space 21504K, 26% used [0x00000000bae00000,0x00000000bb39c500,0x00000000bc300000)
Event: 5.531 GC heap after
Heap after GC invocations=7 (full 0):
 PSYoungGen      total 112128K, used 12775K [0x00000000eaa80000, 0x00000000f9780000, 0x0000000100000000)
  eden space 99328K, 0% used [0x00000000eaa80000,0x00000000eaa80000,0x00000000f0b80000)
  from space 12800K, 99% used [0x00000000f0b80000,0x00000000f17f9d28,0x00000000f1800000)
  to   space 22016K, 0% used [0x00000000f8200000,0x00000000f8200000,0x00000000f9780000)
 ParOldGen       total 64512K, used 35437K [0x00000000c0000000, 0x00000000c3f00000, 0x00000000eaa80000)
  object space 64512K, 54% used [0x00000000c0000000,0x00000000c229b660,0x00000000c3f00000)
 PSPermGen       total 21504K, used 5745K [0x00000000bae00000, 0x00000000bc300000, 0x00000000c0000000)
  object space 21504K, 26% used [0x00000000bae00000,0x00000000bb39c500,0x00000000bc300000)
}

Deoptimization events (10 events):
Event: 4.658 Thread 0x0000000001ed0800 Uncommon trap: reason=unreached action=reinterpret pc=0x00000000020e236c method=com.android.dx.ssa.MoveParamCombiner$1.visitNonMoveInsn(Lcom/android/dx/ssa/NormalSsaInsn;)V @ 27
Event: 4.790 Thread 0x0000000001ed0800 Uncommon trap: reason=bimorphic action=maybe_recompile pc=0x00000000022119f0 method=com.android.dx.cf.code.BytecodeArray.parseInstruction(ILcom/android/dx/cf/code/BytecodeArray$Visitor;)I @ 2281
Event: 4.790 Thread 0x0000000001ed0800 Uncommon trap: reason=bimorphic action=maybe_recompile pc=0x00000000022119f0 method=com.android.dx.cf.code.BytecodeArray.parseInstruction(ILcom/android/dx/cf/code/BytecodeArray$Visitor;)I @ 2281
Event: 5.028 Thread 0x0000000001ed0800 Uncommon trap: reason=unreached action=reinterpret pc=0x000000000220d9b4 method=com.android.dx.cf.direct.StdAttributeFactory.parse0(Lcom/android/dx/cf/direct/DirectClassFile;ILjava/lang/String;IILcom/android/dx/cf/iface/ParseObserver;)Lcom/android/dx/cf/ifuó√‰Ù0@
Event: 5.298 Thread 0x0000000001ed0800 Uncommon trap: reason=class_check action=maybe_recompile pc=0x00000000021f9128 method=com.android.dx.rop.cst.CstKnownNull.equals(Ljava/lang/Object;)Z @ 1
Event: 5.474 Thread 0x0000000001ed0800 Uncommon trap: reason=class_check action=maybe_recompile pc=0x00000000021f9128 method=com.android.dx.rop.cst.CstKnownNull.equals(Ljava/lang/Object;)Z @ 1
Event: 5.476 Thread 0x0000000001ed0800 Uncommon trap: reason=class_check action=maybe_recompile pc=0x00000000021f9128 method=com.android.dx.rop.cst.CstKnownNull.equals(Ljava/lang/Object;)Z @ 1
Event: 5.563 Thread 0x0000000001ed0800 Uncommon trap: reason=class_check action=maybe_recompile pc=0x00000000021f9128 method=com.android.dx.rop.cst.CstKnownNull.equals(Ljava/lang/Object;)Z @ 1
Event: 5.587 Thread 0x0000000001ed0800 Uncommon trap: reason=class_check action=maybe_recompile pc=0x000000000222bd60 method=com.android.dx.cf.code.RopperMachine.run(Lcom/android/dx/cf/code/Frame;II)V @ 1024
Event: 5.587 Thread 0x0000000001ed0800 Uncommon trap: reason=class_check action=maybe_recompile pc=0x000000000222bd60 method=com.android.dx.cf.code.RopperMachine.run(Lcom/android/dx/cf/code/Frame;II)V @ 1024

Internal exceptions (10 events):
Event: 2.889 Thread 0x0000000001ed0800 Threw 0x00000000eb32b070 at C:\re\jdk7u60\1081\hotspot\src\share\vm\prims\jvm.cpp:1244
Event: 3.322 Thread 0x0000000001ed0800 Implicit null exception at 0x0000000002075052 to 0x0000000002075142
Event: 3.670 Thread 0x0000000001ed0800 Threw 0x00000000ec2577d8 at C:\re\jdk7u60\1081\hotspot\src\share\vm\prims\jvm.cpp:1244
Event: 4.024 Thread 0x0000000001ed0800 Threw 0x00000000ebf658a0 at C:\re\jdk7u60\1081\hotspot\src\share\vm\prims\jvm.cpp:1244
Event: 4.040 Thread 0x0000000001ed0800 Threw 0x00000000ec0013e0 at C:\re\jdk7u60\1081\hotspot\src\share\vm\prims\jvm.cpp:1244
Event: 4.041 Thread 0x0000000001ed0800 Implicit null exception at 0x0000000002158397 to 0x0000000002158519
Event: 4.041 Thread 0x0000000001ed0800 Implicit null exception at 0x00000000021454c3 to 0x000000000214562d
Event: 4.229 Thread 0x0000000001ed0800 Implicit null exception at 0x000000000214439c to 0x00000000021444a9
Event: 4.342 Thread 0x0000000001ed0800 Threw 0x00000000ead0a0c0 at C:\re\jdk7u60\1081\hotspot\src\share\vm\prims\jvm.cpp:1244
Event: 4.453 Thread 0x0000000001ed0800 Threw 0x00000000eba1f9d8 at C:\re\jdk7u60\1081\hotspot\src\share\vm\prims\jvm.cpp:1244

Events (10 events):
Event: 5.531 Executing VM operation: ParallelGCFailedAllocation done
Event: 5.563 Thread 0x0000000001ed0800 Uncommon trap: trap_request=0xffffffde fr.pc=0x00000000021f9128
Event: 5.563 Thread 0x0000000001ed0800 DEOPT PACKING pc=0x00000000021f9128 sp=0x0000000001ece8a0
Event: 5.563 Thread 0x0000000001ed0800 DEOPT UNPACKING pc=0x0000000002009064 sp=0x0000000001ece828 mode 2
Event: 5.587 Thread 0x0000000001ed0800 Uncommon trap: trap_request=0xffffffde fr.pc=0x000000000222bd60
Event: 5.587 Thread 0x0000000001ed0800 DEOPT PACKING pc=0x000000000222bd60 sp=0x0000000001ece7f0
Event: 5.587 Thread 0x0000000001ed0800 DEOPT UNPACKING pc=0x0000000002009064 sp=0x0000000001ece768 mode 2
Event: 5.587 Thread 0x0000000001ed0800 Uncommon trap: trap_request=0xffffffde fr.pc=0x000000000222bd60
Event: 5.587 Thread 0x0000000001ed0800 DEOPT PACKING pc=0x000000000222bd60 sp=0x0000000001ece7f0
Event: 5.587 Thread 0x0000000001ed0800 DEOPT UNPACKING pc=0x0000000002009064 sp=0x0000000001ece768 mode 2


Dynamic libraries:
0x00007ff7aa420000 - 0x00007ff7aa453000 	C:\Program Files\Java\jdk1.7.0_60\bin\java.exe
0x00007ff8c38a0000 - 0x00007ff8c3a4d000 	C:\Windows\SYSTEM32\ntdll.dll
0x00007ff8c1820000 - 0x00007ff8c195e000 	C:\Windows\system32\KERNEL32.DLL
0x00007ff8c0b00000 - 0x00007ff8c0c15000 	C:\Windows\system32\KERNELBASE.dll
0x00007ff8bf5a0000 - 0x00007ff8bf62e000 	C:\Windows\system32\apphelp.dll
0x00007ff8b71a0000 - 0x00007ff8b71f3000 	C:\Windows\AppPatch\AppPatch64\AcGenral.DLL
0x00007ff8c1290000 - 0x00007ff8c133a000 	C:\Windows\system32\msvcrt.dll
0x00007ff8c0f00000 - 0x00007ff8c0f2e000 	C:\Windows\system32\SspiCli.dll
0x00007ff8c3320000 - 0x00007ff8c3374000 	C:\Windows\system32\SHLWAPI.dll
0x00007ff8c3190000 - 0x00007ff8c3307000 	C:\Windows\system32\USER32.dll
0x00007ff8c1020000 - 0x00007ff8c11b4000 	C:\Windows\system32\ole32.dll
0x00007ff8c1ab0000 - 0x00007ff8c2fda000 	C:\Windows\system32\SHELL32.dll
0x00007ff8bffa0000 - 0x00007ff8bffc1000 	C:\Windows\SYSTEM32\USERENV.dll
0x00007ff8c0f30000 - 0x00007ff8c0fda000 	C:\Windows\system32\ADVAPI32.dll
0x00007ff8bb180000 - 0x00007ff8bb19e000 	C:\Windows\SYSTEM32\MPR.dll
0x00007ff8c3760000 - 0x00007ff8c38a0000 	C:\Windows\system32\RPCRT4.dll
0x00007ff8c11c0000 - 0x00007ff8c1219000 	C:\Windows\SYSTEM32\sechost.dll
0x00007ff8c3540000 - 0x00007ff8c3751000 	C:\Windows\SYSTEM32\combase.dll
0x00007ff8c1960000 - 0x00007ff8c1aaf000 	C:\Windows\system32\GDI32.dll
0x00007ff8c09d0000 - 0x00007ff8c09e5000 	C:\Windows\SYSTEM32\profapi.dll
0x00007ff8bc9b0000 - 0x00007ff8bca62000 	C:\Windows\SYSTEM32\SHCORE.dll
0x00007ff8c0fe0000 - 0x00007ff8c1016000 	C:\Windows\system32\IMM32.DLL
0x00007ff8c16c0000 - 0x00007ff8c1812000 	C:\Windows\system32\MSCTF.dll
0x00007ff8bbf20000 - 0x00007ff8bc19b000 	C:\Windows\WinSxS\amd64_microsoft.windows.common-controls_6595b64144ccf1df_6.0.9600.18006_none_623f33d3ecbe86e8\COMCTL32.dll
0x000000005e080000 - 0x000000005e152000 	C:\Program Files\Java\jdk1.7.0_60\jre\bin\msvcr100.dll
0x000000005e5f0000 - 0x000000005edc2000 	C:\Program Files\Java\jdk1.7.0_60\jre\bin\server\jvm.dll
0x00007ff8bedd0000 - 0x00007ff8bedd9000 	C:\Windows\SYSTEM32\WSOCK32.dll
0x00007ff8bd4e0000 - 0x00007ff8bd502000 	C:\Windows\SYSTEM32\WINMM.dll
0x00007ff8c3530000 - 0x00007ff8c3537000 	C:\Windows\system32\PSAPI.DLL
0x00007ff8c13c0000 - 0x00007ff8c141a000 	C:\Windows\system32\WS2_32.dll
0x00007ff8bd430000 - 0x00007ff8bd45a000 	C:\Windows\SYSTEM32\WINMMBASE.dll
0x00007ff8c1280000 - 0x00007ff8c1289000 	C:\Windows\system32\NSI.dll
0x00007ff8c0e00000 - 0x00007ff8c0e4f000 	C:\Windows\SYSTEM32\cfgmgr32.dll
0x00007ff8bf7f0000 - 0x00007ff8bf818000 	C:\Windows\SYSTEM32\DEVOBJ.dll
0x000000005e500000 - 0x000000005e50f000 	C:\Program Files\Java\jdk1.7.0_60\jre\bin\verify.dll
0x000000005e4d0000 - 0x000000005e4f8000 	C:\Program Files\Java\jdk1.7.0_60\jre\bin\java.dll
0x000000005e4b0000 - 0x000000005e4c5000 	C:\Program Files\Java\jdk1.7.0_60\jre\bin\zip.dll
0x000000005e490000 - 0x000000005e4a9000 	C:\Program Files\Java\jdk1.7.0_60\jre\bin\net.dll
0x00007ff8c0210000 - 0x00007ff8c0269000 	C:\Windows\system32\mswsock.dll
0x000000005e470000 - 0x000000005e481000 	C:\Program Files\Java\jdk1.7.0_60\jre\bin\nio.dll

VM Arguments:
jvm_args: -Djava.awt.headless=true -Xmx1024M -Dfile.encoding=windows-1252 -Duser.country=IN -Duser.language=en -Duser.variant 
java_command: com.android.dx.command.Main --dex --force-jumbo --multi-dex --output E:\JK\app\build\intermediates\transforms\dex\debug\folders\1000\10\com.android.support-support-v4-22.2.0_aba0eeb452222c21bf6bc7be012fa41a82c850b7 E:\JK\app\build\intermediates\exploded-aar\com.android.support\support-v4\22.2.0\jars\classes.jar
Launcher Type: SUN_STANDARD

Environment Variables:
PATH="C:\Program Files\Java\jdk1.7.0_60\bin";"C:\Program Files\Java\jdk1.7.0_60\bin"
USERNAME=Admin
OS=Windows_NT
PROCESSOR_IDENTIFIER=Intel64 Family 6 Model 58 Stepping 9, GenuineIntel



---------------  S Y S T E M  ---------------

OS: Windows 8.1 , 64 bit Build 9600 

CPU:total 2 (2 cores per cpu, 1 threads per core) family 6 model 58 stepping 9, cmov, cx8, fxsr, mmx, sse, sse2, sse3, ssse3, sse4.1, sse4.2, popcnt, erms, tsc, tscinvbit, tscinv

Memory: 4k page, physical 6185000k(733328k free), swap 9330728k(5208k free)

vm_info: Java HotSpot(TM) 64-Bit Server VM (24.60-b09) for windows-amd64 JRE (1.7.0_60-b19), built on May  7 2014 12:55:18 by "java_re" with unknown MS VC++:1600

time: Mon Jun 20 18:38:24 2016
elapsed time: 5 seconds

